	07/01/2025 16:05:45	Dal.CustomerImplementation.Create:	begin Create Customer { CustomerId = 1, CustomerName = ציבי אינהורן, CustomerAddress = נתיבות המשפט 78 מודיעין עילית, CustomerPhone = 0533187618 }
	07/01/2025 16:05:45	Dal.CustomerImplementation.Create:	end Create Customer { CustomerId = 1, CustomerName = ציבי אינהורן, CustomerAddress = נתיבות המשפט 78 מודיעין עילית, CustomerPhone = 0533187618 }
	07/01/2025 16:05:45	Dal.CustomerImplementation.Create:	begin Create Customer { CustomerId = 3, CustomerName = תמי פל, CustomerAddress = נתיבות המשפט 70 מודיעין עילית, CustomerPhone = 0534193385 }
	07/01/2025 16:05:45	Dal.CustomerImplementation.Create:	end Create Customer { CustomerId = 3, CustomerName = תמי פל, CustomerAddress = נתיבות המשפט 70 מודיעין עילית, CustomerPhone = 0534193385 }
	07/01/2025 16:05:45	Dal.CustomerImplementation.Create:	begin Create Customer { CustomerId = 5, CustomerName = נחמי קרשינסקי, CustomerAddress = הריטבא 6 מודיעין עילית, CustomerPhone = 0556734722 }
	07/01/2025 16:05:45	Dal.CustomerImplementation.Create:	end Create Customer { CustomerId = 5, CustomerName = נחמי קרשינסקי, CustomerAddress = הריטבא 6 מודיעין עילית, CustomerPhone = 0556734722 }
	07/01/2025 16:05:45	Dal.CustomerImplementation.Create:	begin Create Customer { CustomerId = 7, CustomerName = נחמי שורץ, CustomerAddress = הרב מפונוביז 9 מודיעין עילית, CustomerPhone = 0583212449 }
	07/01/2025 16:05:45	Dal.CustomerImplementation.Create:	end Create Customer { CustomerId = 7, CustomerName = נחמי שורץ, CustomerAddress = הרב מפונוביז 9 מודיעין עילית, CustomerPhone = 0583212449 }
	07/01/2025 16:05:45	Dal.CustomerImplementation.Create:	begin Create Customer { CustomerId = 9, CustomerName = טובי קופרמן, CustomerAddress = שערי תשובה 12 מודיעין עילית, CustomerPhone = 0583230387 }
	07/01/2025 16:05:45	Dal.CustomerImplementation.Create:	end Create Customer { CustomerId = 9, CustomerName = טובי קופרמן, CustomerAddress = שערי תשובה 12 מודיעין עילית, CustomerPhone = 0583230387 }
	07/01/2025 16:05:45	Dal.CustomerImplementation.Create:	begin Create Customer { CustomerId = 11, CustomerName = רבקה גליס, CustomerAddress = מסילת יוסף 21 מודיעין עילית, CustomerPhone = 0527161532 }
	07/01/2025 16:05:45	Dal.CustomerImplementation.Create:	end Create Customer { CustomerId = 11, CustomerName = רבקה גליס, CustomerAddress = מסילת יוסף 21 מודיעין עילית, CustomerPhone = 0527161532 }
	07/01/2025 16:05:45	Dal.ProductImplementation.Create:	begin create Product { ProdId = 0, ProdName = תשע לפנות בוקר, ProdCategory = מבוגר, Price = 65, Quantity = 100 }
	07/01/2025 16:05:45	Dal.ProductImplementation.Create:	end create Product { ProdId = 0, ProdName = תשע לפנות בוקר, ProdCategory = מבוגר, Price = 65, Quantity = 100 }
	07/01/2025 16:05:45	Dal.ProductImplementation.Create:	begin create Product { ProdId = 0, ProdName = אנוכי מבקש, ProdCategory = מבוגר, Price = 50, Quantity = 10 }
	07/01/2025 16:05:45	Dal.ProductImplementation.Create:	end create Product { ProdId = 0, ProdName = אנוכי מבקש, ProdCategory = מבוגר, Price = 50, Quantity = 10 }
	07/01/2025 16:05:45	Dal.ProductImplementation.Create:	begin create Product { ProdId = 0, ProdName = המשגיח, ProdCategory = ביוגרפיה, Price = 80, Quantity = 15 }
	07/01/2025 16:05:45	Dal.ProductImplementation.Create:	end create Product { ProdId = 0, ProdName = המשגיח, ProdCategory = ביוגרפיה, Price = 80, Quantity = 15 }
	07/01/2025 16:05:45	Dal.ProductImplementation.Create:	begin create Product { ProdId = 0, ProdName = מסומן, ProdCategory = מבוגר, Price = 50, Quantity = 12 }
	07/01/2025 16:05:45	Dal.ProductImplementation.Create:	end create Product { ProdId = 0, ProdName = מסומן, ProdCategory = מבוגר, Price = 50, Quantity = 12 }
	07/01/2025 16:05:45	Dal.ProductImplementation.Create:	begin create Product { ProdId = 0, ProdName = נחוחות המאפה, ProdCategory = מתכונים, Price = 30, Quantity = 0 }
	07/01/2025 16:05:45	Dal.ProductImplementation.Create:	end create Product { ProdId = 0, ProdName = נחוחות המאפה, ProdCategory = מתכונים, Price = 30, Quantity = 0 }
	07/01/2025 16:05:45	Dal.ProductImplementation.Create:	begin create Product { ProdId = 0, ProdName = דודי ואודי, ProdCategory = קומיקס, Price = 40, Quantity = 30 }
	07/01/2025 16:05:45	Dal.ProductImplementation.Create:	end create Product { ProdId = 0, ProdName = דודי ואודי, ProdCategory = קומיקס, Price = 40, Quantity = 30 }
	07/01/2025 16:05:45	Dal.ProductImplementation.Create:	begin create Product { ProdId = 0, ProdName = חלונות אור, ProdCategory = נוער, Price = 40, Quantity = 35 }
	07/01/2025 16:05:45	Dal.ProductImplementation.Create:	end create Product { ProdId = 0, ProdName = חלונות אור, ProdCategory = נוער, Price = 40, Quantity = 35 }
	07/01/2025 16:05:45	Dal.SaleImplementation.Create:	begin create Sale { SaleId = 0, ProdId = 4, QuentityForSale = 1, TotalPriceSale = 20, IsAllCustomer = False, StartDate = 07/01/2025 16:05:45, EndDate = 20/05/2024 00:00:00 }
	07/01/2025 16:05:45	Dal.SaleImplementation.Create:	end create Sale { SaleId = 0, ProdId = 4, QuentityForSale = 1, TotalPriceSale = 20, IsAllCustomer = False, StartDate = 07/01/2025 16:05:45, EndDate = 20/05/2024 00:00:00 }
		07/01/2025 16:05:45	Dal.SaleImplementation.Create:	begin create Sale { SaleId = 0, ProdId = 5, QuentityForSale = 1, TotalPriceSale = 20, IsAllCustomer = True, StartDate = 07/01/2025 16:05:45, EndDate = 20/05/2024 00:00:00 }
		07/01/2025 16:05:45	Dal.SaleImplementation.Create:	end create Sale { SaleId = 0, ProdId = 5, QuentityForSale = 1, TotalPriceSale = 20, IsAllCustomer = True, StartDate = 07/01/2025 16:05:45, EndDate = 20/05/2024 00:00:00 }
		07/01/2025 16:05:45	Dal.SaleImplementation.Create:	begin create Sale { SaleId = 0, ProdId = 3, QuentityForSale = 1, TotalPriceSale = 20, IsAllCustomer = True, StartDate = 07/01/2025 16:05:45, EndDate = 20/05/2024 00:00:00 }
		07/01/2025 16:05:45	Dal.SaleImplementation.Create:	end create Sale { SaleId = 0, ProdId = 3, QuentityForSale = 1, TotalPriceSale = 20, IsAllCustomer = True, StartDate = 07/01/2025 16:05:45, EndDate = 20/05/2024 00:00:00 }
		07/01/2025 16:05:45	Dal.SaleImplementation.Create:	begin create Sale { SaleId = 0, ProdId = 6, QuentityForSale = 1, TotalPriceSale = 40, IsAllCustomer = True, StartDate = 07/01/2025 16:05:45, EndDate = 20/05/2024 00:00:00 }
		07/01/2025 16:05:45	Dal.SaleImplementation.Create:	end create Sale { SaleId = 0, ProdId = 6, QuentityForSale = 1, TotalPriceSale = 40, IsAllCustomer = True, StartDate = 07/01/2025 16:05:45, EndDate = 20/05/2024 00:00:00 }
		07/01/2025 16:05:45	Dal.SaleImplementation.Create:	begin create Sale { SaleId = 0, ProdId = 1, QuentityForSale = 1, TotalPriceSale = 30, IsAllCustomer = True, StartDate = 07/01/2025 16:05:45, EndDate = 20/05/2024 00:00:00 }
		07/01/2025 16:05:45	Dal.SaleImplementation.Create:	end create Sale { SaleId = 0, ProdId = 1, QuentityForSale = 1, TotalPriceSale = 30, IsAllCustomer = True, StartDate = 07/01/2025 16:05:45, EndDate = 20/05/2024 00:00:00 }
		07/01/2025 16:05:45	Dal.SaleImplementation.Create:	begin create Sale { SaleId = 0, ProdId = 2, QuentityForSale = 1, TotalPriceSale = 30, IsAllCustomer = True, StartDate = 07/01/2025 16:05:45, EndDate = 07/01/2025 16:05:45 }
		07/01/2025 16:05:45	Dal.SaleImplementation.Create:	end create Sale { SaleId = 0, ProdId = 2, QuentityForSale = 1, TotalPriceSale = 30, IsAllCustomer = True, StartDate = 07/01/2025 16:05:45, EndDate = 07/01/2025 16:05:45 }
	07/01/2025 16:39:36	Dal.CustomerImplementation.Create:	begin Create Customer { CustomerId = 1, CustomerName = ציבי אינהורן, CustomerAddress = נתיבות המשפט 78 מודיעין עילית, CustomerPhone = 0533187618 }
	07/01/2025 16:39:36	Dal.CustomerImplementation.Create:	end Create Customer { CustomerId = 1, CustomerName = ציבי אינהורן, CustomerAddress = נתיבות המשפט 78 מודיעין עילית, CustomerPhone = 0533187618 }
	07/01/2025 16:39:36	Dal.CustomerImplementation.Create:	begin Create Customer { CustomerId = 3, CustomerName = תמי פל, CustomerAddress = נתיבות המשפט 70 מודיעין עילית, CustomerPhone = 0534193385 }
	07/01/2025 16:39:36	Dal.CustomerImplementation.Create:	end Create Customer { CustomerId = 3, CustomerName = תמי פל, CustomerAddress = נתיבות המשפט 70 מודיעין עילית, CustomerPhone = 0534193385 }
	07/01/2025 16:39:36	Dal.CustomerImplementation.Create:	begin Create Customer { CustomerId = 5, CustomerName = נחמי קרשינסקי, CustomerAddress = הריטבא 6 מודיעין עילית, CustomerPhone = 0556734722 }
	07/01/2025 16:39:36	Dal.CustomerImplementation.Create:	end Create Customer { CustomerId = 5, CustomerName = נחמי קרשינסקי, CustomerAddress = הריטבא 6 מודיעין עילית, CustomerPhone = 0556734722 }
	07/01/2025 16:39:36	Dal.CustomerImplementation.Create:	begin Create Customer { CustomerId = 7, CustomerName = נחמי שורץ, CustomerAddress = הרב מפונוביז 9 מודיעין עילית, CustomerPhone = 0583212449 }
	07/01/2025 16:39:36	Dal.CustomerImplementation.Create:	end Create Customer { CustomerId = 7, CustomerName = נחמי שורץ, CustomerAddress = הרב מפונוביז 9 מודיעין עילית, CustomerPhone = 0583212449 }
	07/01/2025 16:39:36	Dal.CustomerImplementation.Create:	begin Create Customer { CustomerId = 9, CustomerName = טובי קופרמן, CustomerAddress = שערי תשובה 12 מודיעין עילית, CustomerPhone = 0583230387 }
	07/01/2025 16:39:36	Dal.CustomerImplementation.Create:	end Create Customer { CustomerId = 9, CustomerName = טובי קופרמן, CustomerAddress = שערי תשובה 12 מודיעין עילית, CustomerPhone = 0583230387 }
	07/01/2025 16:39:36	Dal.CustomerImplementation.Create:	begin Create Customer { CustomerId = 11, CustomerName = רבקה גליס, CustomerAddress = מסילת יוסף 21 מודיעין עילית, CustomerPhone = 0527161532 }
	07/01/2025 16:39:36	Dal.CustomerImplementation.Create:	end Create Customer { CustomerId = 11, CustomerName = רבקה גליס, CustomerAddress = מסילת יוסף 21 מודיעין עילית, CustomerPhone = 0527161532 }
	07/01/2025 16:39:36	Dal.ProductImplementation.Create:	begin create Product { ProdId = 0, ProdName = תשע לפנות בוקר, ProdCategory = מבוגר, Price = 65, Quantity = 100 }
	07/01/2025 16:39:36	Dal.ProductImplementation.Create:	end create Product { ProdId = 0, ProdName = תשע לפנות בוקר, ProdCategory = מבוגר, Price = 65, Quantity = 100 }
	07/01/2025 16:39:36	Dal.ProductImplementation.Create:	begin create Product { ProdId = 0, ProdName = אנוכי מבקש, ProdCategory = מבוגר, Price = 50, Quantity = 10 }
	07/01/2025 16:39:36	Dal.ProductImplementation.Create:	end create Product { ProdId = 0, ProdName = אנוכי מבקש, ProdCategory = מבוגר, Price = 50, Quantity = 10 }
	07/01/2025 16:39:36	Dal.ProductImplementation.Create:	begin create Product { ProdId = 0, ProdName = המשגיח, ProdCategory = ביוגרפיה, Price = 80, Quantity = 15 }
	07/01/2025 16:39:36	Dal.ProductImplementation.Create:	end create Product { ProdId = 0, ProdName = המשגיח, ProdCategory = ביוגרפיה, Price = 80, Quantity = 15 }
	07/01/2025 16:39:36	Dal.ProductImplementation.Create:	begin create Product { ProdId = 0, ProdName = מסומן, ProdCategory = מבוגר, Price = 50, Quantity = 12 }
	07/01/2025 16:39:36	Dal.ProductImplementation.Create:	end create Product { ProdId = 0, ProdName = מסומן, ProdCategory = מבוגר, Price = 50, Quantity = 12 }
	07/01/2025 16:39:36	Dal.ProductImplementation.Create:	begin create Product { ProdId = 0, ProdName = נחוחות המאפה, ProdCategory = מתכונים, Price = 30, Quantity = 0 }
	07/01/2025 16:39:36	Dal.ProductImplementation.Create:	end create Product { ProdId = 0, ProdName = נחוחות המאפה, ProdCategory = מתכונים, Price = 30, Quantity = 0 }
	07/01/2025 16:39:36	Dal.ProductImplementation.Create:	begin create Product { ProdId = 0, ProdName = דודי ואודי, ProdCategory = קומיקס, Price = 40, Quantity = 30 }
	07/01/2025 16:39:36	Dal.ProductImplementation.Create:	end create Product { ProdId = 0, ProdName = דודי ואודי, ProdCategory = קומיקס, Price = 40, Quantity = 30 }
	07/01/2025 16:39:36	Dal.ProductImplementation.Create:	begin create Product { ProdId = 0, ProdName = חלונות אור, ProdCategory = נוער, Price = 40, Quantity = 35 }
	07/01/2025 16:39:36	Dal.ProductImplementation.Create:	end create Product { ProdId = 0, ProdName = חלונות אור, ProdCategory = נוער, Price = 40, Quantity = 35 }
	07/01/2025 16:39:36	Dal.SaleImplementation.Create:	begin create Sale { SaleId = 0, ProdId = 4, QuentityForSale = 1, TotalPriceSale = 20, IsAllCustomer = False, StartDate = 07/01/2025 16:39:36, EndDate = 20/05/2024 00:00:00 }
	07/01/2025 16:39:36	Dal.SaleImplementation.Create:	end create Sale { SaleId = 0, ProdId = 4, QuentityForSale = 1, TotalPriceSale = 20, IsAllCustomer = False, StartDate = 07/01/2025 16:39:36, EndDate = 20/05/2024 00:00:00 }
		07/01/2025 16:39:36	Dal.SaleImplementation.Create:	begin create Sale { SaleId = 0, ProdId = 5, QuentityForSale = 1, TotalPriceSale = 20, IsAllCustomer = True, StartDate = 07/01/2025 16:39:36, EndDate = 20/05/2024 00:00:00 }
		07/01/2025 16:39:36	Dal.SaleImplementation.Create:	end create Sale { SaleId = 0, ProdId = 5, QuentityForSale = 1, TotalPriceSale = 20, IsAllCustomer = True, StartDate = 07/01/2025 16:39:36, EndDate = 20/05/2024 00:00:00 }
		07/01/2025 16:39:36	Dal.SaleImplementation.Create:	begin create Sale { SaleId = 0, ProdId = 3, QuentityForSale = 1, TotalPriceSale = 20, IsAllCustomer = True, StartDate = 07/01/2025 16:39:36, EndDate = 20/05/2024 00:00:00 }
		07/01/2025 16:39:36	Dal.SaleImplementation.Create:	end create Sale { SaleId = 0, ProdId = 3, QuentityForSale = 1, TotalPriceSale = 20, IsAllCustomer = True, StartDate = 07/01/2025 16:39:36, EndDate = 20/05/2024 00:00:00 }
		07/01/2025 16:39:36	Dal.SaleImplementation.Create:	begin create Sale { SaleId = 0, ProdId = 6, QuentityForSale = 1, TotalPriceSale = 40, IsAllCustomer = True, StartDate = 07/01/2025 16:39:36, EndDate = 20/05/2024 00:00:00 }
		07/01/2025 16:39:36	Dal.SaleImplementation.Create:	end create Sale { SaleId = 0, ProdId = 6, QuentityForSale = 1, TotalPriceSale = 40, IsAllCustomer = True, StartDate = 07/01/2025 16:39:36, EndDate = 20/05/2024 00:00:00 }
		07/01/2025 16:39:36	Dal.SaleImplementation.Create:	begin create Sale { SaleId = 0, ProdId = 1, QuentityForSale = 1, TotalPriceSale = 30, IsAllCustomer = True, StartDate = 07/01/2025 16:39:36, EndDate = 20/05/2024 00:00:00 }
		07/01/2025 16:39:36	Dal.SaleImplementation.Create:	end create Sale { SaleId = 0, ProdId = 1, QuentityForSale = 1, TotalPriceSale = 30, IsAllCustomer = True, StartDate = 07/01/2025 16:39:36, EndDate = 20/05/2024 00:00:00 }
		07/01/2025 16:39:36	Dal.SaleImplementation.Create:	begin create Sale { SaleId = 0, ProdId = 2, QuentityForSale = 1, TotalPriceSale = 30, IsAllCustomer = True, StartDate = 07/01/2025 16:39:36, EndDate = 07/01/2025 16:39:36 }
		07/01/2025 16:39:36	Dal.SaleImplementation.Create:	end create Sale { SaleId = 0, ProdId = 2, QuentityForSale = 1, TotalPriceSale = 30, IsAllCustomer = True, StartDate = 07/01/2025 16:39:36, EndDate = 07/01/2025 16:39:36 }
