	20/03/2025 18:03:37	Dal.ProductImplementation.Create:	begin create Product { ProdId = 0, ProdName = תשע לפנות בוקר, ProdCategory = מבוגר, Price = 65, Quantity = 100 }
	20/03/2025 18:03:37	Dal.ProductImplementation.Create:	end create Product { ProdId = 1, ProdName = תשע לפנות בוקר, ProdCategory = מבוגר, Price = 65, Quantity = 100 }
	20/03/2025 18:03:37	Dal.ProductImplementation.Create:	begin create Product { ProdId = 0, ProdName = אנוכי מבקש, ProdCategory = מבוגר, Price = 50, Quantity = 10 }
	20/03/2025 18:03:37	Dal.ProductImplementation.Create:	end create Product { ProdId = 1, ProdName = אנוכי מבקש, ProdCategory = מבוגר, Price = 50, Quantity = 10 }
	20/03/2025 18:03:37	Dal.ProductImplementation.Create:	begin create Product { ProdId = 0, ProdName = המשגיח, ProdCategory = ביוגרפיה, Price = 80, Quantity = 15 }
	20/03/2025 18:03:37	Dal.ProductImplementation.Create:	end create Product { ProdId = 1, ProdName = המשגיח, ProdCategory = ביוגרפיה, Price = 80, Quantity = 15 }
	20/03/2025 18:03:37	Dal.ProductImplementation.Create:	begin create Product { ProdId = 0, ProdName = מסומן, ProdCategory = מבוגר, Price = 50, Quantity = 12 }
	20/03/2025 18:03:37	Dal.ProductImplementation.Create:	end create Product { ProdId = 1, ProdName = מסומן, ProdCategory = מבוגר, Price = 50, Quantity = 12 }
	20/03/2025 18:03:37	Dal.ProductImplementation.Create:	begin create Product { ProdId = 0, ProdName = נחוחות המאפה, ProdCategory = מתכונים, Price = 30, Quantity = 0 }
	20/03/2025 18:03:37	Dal.ProductImplementation.Create:	end create Product { ProdId = 1, ProdName = נחוחות המאפה, ProdCategory = מתכונים, Price = 30, Quantity = 0 }
	20/03/2025 18:03:37	Dal.ProductImplementation.Create:	begin create Product { ProdId = 0, ProdName = דודי ואודי, ProdCategory = קומיקס, Price = 40, Quantity = 30 }
	20/03/2025 18:03:37	Dal.ProductImplementation.Create:	end create Product { ProdId = 1, ProdName = דודי ואודי, ProdCategory = קומיקס, Price = 40, Quantity = 30 }
	20/03/2025 18:03:37	Dal.ProductImplementation.Create:	begin create Product { ProdId = 0, ProdName = חלונות אור, ProdCategory = נוער, Price = 40, Quantity = 35 }
	20/03/2025 18:03:37	Dal.ProductImplementation.Create:	end create Product { ProdId = 1, ProdName = חלונות אור, ProdCategory = נוער, Price = 40, Quantity = 35 }
	20/03/2025 18:03:37	Dal.SaleImplementation.Create:	begin create Sale { SaleId = 0, ProdId = 4, QuentityForSale = 1, TotalPriceSale = 20, IsAllCustomer = False, StartDate = 20/03/2025 18:03:37, EndDate = 20/05/2025 00:00:00 }
	20/03/2025 18:03:37	Dal.SaleImplementation.Create:	end create Sale { SaleId = 1, ProdId = 4, QuentityForSale = 1, TotalPriceSale = 20, IsAllCustomer = False, StartDate = 20/03/2025 18:03:37, EndDate = 20/05/2025 00:00:00 }
	20/03/2025 18:03:37	Dal.SaleImplementation.Create:	begin create Sale { SaleId = 0, ProdId = 5, QuentityForSale = 2, TotalPriceSale = 20, IsAllCustomer = True, StartDate = 20/03/2025 18:03:37, EndDate = 20/05/2025 00:00:00 }
	20/03/2025 18:03:37	Dal.SaleImplementation.Create:	end create Sale { SaleId = 1, ProdId = 5, QuentityForSale = 2, TotalPriceSale = 20, IsAllCustomer = True, StartDate = 20/03/2025 18:03:37, EndDate = 20/05/2025 00:00:00 }
	20/03/2025 18:03:37	Dal.SaleImplementation.Create:	begin create Sale { SaleId = 0, ProdId = 3, QuentityForSale = 1, TotalPriceSale = 20, IsAllCustomer = True, StartDate = 20/03/2025 18:03:37, EndDate = 20/05/2025 00:00:00 }
	20/03/2025 18:03:37	Dal.SaleImplementation.Create:	end create Sale { SaleId = 1, ProdId = 3, QuentityForSale = 1, TotalPriceSale = 20, IsAllCustomer = True, StartDate = 20/03/2025 18:03:37, EndDate = 20/05/2025 00:00:00 }
	20/03/2025 18:03:37	Dal.SaleImplementation.Create:	begin create Sale { SaleId = 0, ProdId = 6, QuentityForSale = 3, TotalPriceSale = 40, IsAllCustomer = True, StartDate = 20/03/2025 18:03:37, EndDate = 20/05/2025 00:00:00 }
	20/03/2025 18:03:37	Dal.SaleImplementation.Create:	end create Sale { SaleId = 1, ProdId = 6, QuentityForSale = 3, TotalPriceSale = 40, IsAllCustomer = True, StartDate = 20/03/2025 18:03:37, EndDate = 20/05/2025 00:00:00 }
	20/03/2025 18:03:37	Dal.SaleImplementation.Create:	begin create Sale { SaleId = 0, ProdId = 1, QuentityForSale = 4, TotalPriceSale = 30, IsAllCustomer = True, StartDate = 20/03/2025 18:03:37, EndDate = 20/05/2025 00:00:00 }
	20/03/2025 18:03:38	Dal.SaleImplementation.Create:	end create Sale { SaleId = 1, ProdId = 1, QuentityForSale = 4, TotalPriceSale = 30, IsAllCustomer = True, StartDate = 20/03/2025 18:03:37, EndDate = 20/05/2025 00:00:00 }
	20/03/2025 18:03:38	Dal.SaleImplementation.Create:	begin create Sale { SaleId = 0, ProdId = 1, QuentityForSale = 2, TotalPriceSale = 20, IsAllCustomer = True, StartDate = 20/03/2025 18:03:38, EndDate = 20/05/2025 00:00:00 }
	20/03/2025 18:03:38	Dal.SaleImplementation.Create:	end create Sale { SaleId = 1, ProdId = 1, QuentityForSale = 2, TotalPriceSale = 20, IsAllCustomer = True, StartDate = 20/03/2025 18:03:38, EndDate = 20/05/2025 00:00:00 }
	20/03/2025 18:03:38	Dal.SaleImplementation.Create:	begin create Sale { SaleId = 0, ProdId = 1, QuentityForSale = 5, TotalPriceSale = 50, IsAllCustomer = True, StartDate = 20/03/2025 18:03:38, EndDate = 20/05/2025 00:00:00 }
	20/03/2025 18:03:38	Dal.SaleImplementation.Create:	end create Sale { SaleId = 1, ProdId = 1, QuentityForSale = 5, TotalPriceSale = 50, IsAllCustomer = True, StartDate = 20/03/2025 18:03:38, EndDate = 20/05/2025 00:00:00 }
	20/03/2025 18:03:38	Dal.SaleImplementation.Create:	begin create Sale { SaleId = 0, ProdId = 1, QuentityForSale = 8, TotalPriceSale = 40, IsAllCustomer = True, StartDate = 20/03/2025 18:03:38, EndDate = 20/05/2025 00:00:00 }
	20/03/2025 18:03:38	Dal.SaleImplementation.Create:	end create Sale { SaleId = 1, ProdId = 1, QuentityForSale = 8, TotalPriceSale = 40, IsAllCustomer = True, StartDate = 20/03/2025 18:03:38, EndDate = 20/05/2025 00:00:00 }
	20/03/2025 18:03:38	Dal.SaleImplementation.Create:	begin create Sale { SaleId = 0, ProdId = 1, QuentityForSale = 4, TotalPriceSale = 30, IsAllCustomer = True, StartDate = 20/03/2025 18:03:38, EndDate = 20/05/2025 00:00:00 }
	20/03/2025 18:03:38	Dal.SaleImplementation.Create:	end create Sale { SaleId = 1, ProdId = 1, QuentityForSale = 4, TotalPriceSale = 30, IsAllCustomer = True, StartDate = 20/03/2025 18:03:38, EndDate = 20/05/2025 00:00:00 }
	20/03/2025 18:03:38	Dal.SaleImplementation.Create:	begin create Sale { SaleId = 0, ProdId = 2, QuentityForSale = 1, TotalPriceSale = 30, IsAllCustomer = True, StartDate = 20/03/2025 18:03:38, EndDate = 20/03/2025 18:03:38 }
	20/03/2025 18:03:38	Dal.SaleImplementation.Create:	end create Sale { SaleId = 1, ProdId = 2, QuentityForSale = 1, TotalPriceSale = 30, IsAllCustomer = True, StartDate = 20/03/2025 18:03:38, EndDate = 20/03/2025 18:03:38 }
	20/03/2025 18:12:35	Dal.ProductImplementation.Create:	begin create Product { ProdId = 0, ProdName = תשע לפנות בוקר, ProdCategory = מבוגר, Price = 65, Quantity = 100 }
	20/03/2025 18:12:35	Dal.ProductImplementation.Create:	end create Product { ProdId = 1, ProdName = תשע לפנות בוקר, ProdCategory = מבוגר, Price = 65, Quantity = 100 }
	20/03/2025 18:12:35	Dal.ProductImplementation.Create:	begin create Product { ProdId = 0, ProdName = אנוכי מבקש, ProdCategory = מבוגר, Price = 50, Quantity = 10 }
	20/03/2025 18:12:35	Dal.ProductImplementation.Create:	end create Product { ProdId = 1, ProdName = אנוכי מבקש, ProdCategory = מבוגר, Price = 50, Quantity = 10 }
	20/03/2025 18:12:35	Dal.ProductImplementation.Create:	begin create Product { ProdId = 0, ProdName = המשגיח, ProdCategory = ביוגרפיה, Price = 80, Quantity = 15 }
	20/03/2025 18:12:35	Dal.ProductImplementation.Create:	end create Product { ProdId = 1, ProdName = המשגיח, ProdCategory = ביוגרפיה, Price = 80, Quantity = 15 }
	20/03/2025 18:12:35	Dal.ProductImplementation.Create:	begin create Product { ProdId = 0, ProdName = מסומן, ProdCategory = מבוגר, Price = 50, Quantity = 12 }
	20/03/2025 18:12:35	Dal.ProductImplementation.Create:	end create Product { ProdId = 1, ProdName = מסומן, ProdCategory = מבוגר, Price = 50, Quantity = 12 }
	20/03/2025 18:12:36	Dal.ProductImplementation.Create:	begin create Product { ProdId = 0, ProdName = נחוחות המאפה, ProdCategory = מתכונים, Price = 30, Quantity = 0 }
	20/03/2025 18:12:36	Dal.ProductImplementation.Create:	end create Product { ProdId = 1, ProdName = נחוחות המאפה, ProdCategory = מתכונים, Price = 30, Quantity = 0 }
	20/03/2025 18:12:36	Dal.ProductImplementation.Create:	begin create Product { ProdId = 0, ProdName = דודי ואודי, ProdCategory = קומיקס, Price = 40, Quantity = 30 }
	20/03/2025 18:12:36	Dal.ProductImplementation.Create:	end create Product { ProdId = 1, ProdName = דודי ואודי, ProdCategory = קומיקס, Price = 40, Quantity = 30 }
	20/03/2025 18:12:36	Dal.ProductImplementation.Create:	begin create Product { ProdId = 0, ProdName = חלונות אור, ProdCategory = נוער, Price = 40, Quantity = 35 }
	20/03/2025 18:12:36	Dal.ProductImplementation.Create:	end create Product { ProdId = 1, ProdName = חלונות אור, ProdCategory = נוער, Price = 40, Quantity = 35 }
	20/03/2025 18:12:36	Dal.SaleImplementation.Create:	begin create Sale { SaleId = 0, ProdId = 4, QuentityForSale = 1, TotalPriceSale = 20, IsAllCustomer = False, StartDate = 20/03/2025 18:12:36, EndDate = 20/05/2025 00:00:00 }
	20/03/2025 18:12:36	Dal.SaleImplementation.Create:	end create Sale { SaleId = 1, ProdId = 4, QuentityForSale = 1, TotalPriceSale = 20, IsAllCustomer = False, StartDate = 20/03/2025 18:12:36, EndDate = 20/05/2025 00:00:00 }
	20/03/2025 18:12:36	Dal.SaleImplementation.Create:	begin create Sale { SaleId = 0, ProdId = 5, QuentityForSale = 2, TotalPriceSale = 20, IsAllCustomer = True, StartDate = 20/03/2025 18:12:36, EndDate = 20/05/2025 00:00:00 }
	20/03/2025 18:12:36	Dal.SaleImplementation.Create:	end create Sale { SaleId = 1, ProdId = 5, QuentityForSale = 2, TotalPriceSale = 20, IsAllCustomer = True, StartDate = 20/03/2025 18:12:36, EndDate = 20/05/2025 00:00:00 }
	20/03/2025 18:12:36	Dal.SaleImplementation.Create:	begin create Sale { SaleId = 0, ProdId = 3, QuentityForSale = 1, TotalPriceSale = 20, IsAllCustomer = True, StartDate = 20/03/2025 18:12:36, EndDate = 20/05/2025 00:00:00 }
	20/03/2025 18:12:36	Dal.SaleImplementation.Create:	end create Sale { SaleId = 1, ProdId = 3, QuentityForSale = 1, TotalPriceSale = 20, IsAllCustomer = True, StartDate = 20/03/2025 18:12:36, EndDate = 20/05/2025 00:00:00 }
	20/03/2025 18:12:36	Dal.SaleImplementation.Create:	begin create Sale { SaleId = 0, ProdId = 6, QuentityForSale = 3, TotalPriceSale = 40, IsAllCustomer = True, StartDate = 20/03/2025 18:12:36, EndDate = 20/05/2025 00:00:00 }
	20/03/2025 18:12:36	Dal.SaleImplementation.Create:	end create Sale { SaleId = 1, ProdId = 6, QuentityForSale = 3, TotalPriceSale = 40, IsAllCustomer = True, StartDate = 20/03/2025 18:12:36, EndDate = 20/05/2025 00:00:00 }
	20/03/2025 18:12:36	Dal.SaleImplementation.Create:	begin create Sale { SaleId = 0, ProdId = 1, QuentityForSale = 4, TotalPriceSale = 30, IsAllCustomer = True, StartDate = 20/03/2025 18:12:36, EndDate = 20/05/2025 00:00:00 }
	20/03/2025 18:12:36	Dal.SaleImplementation.Create:	end create Sale { SaleId = 1, ProdId = 1, QuentityForSale = 4, TotalPriceSale = 30, IsAllCustomer = True, StartDate = 20/03/2025 18:12:36, EndDate = 20/05/2025 00:00:00 }
	20/03/2025 18:12:36	Dal.SaleImplementation.Create:	begin create Sale { SaleId = 0, ProdId = 1, QuentityForSale = 2, TotalPriceSale = 20, IsAllCustomer = True, StartDate = 20/03/2025 18:12:36, EndDate = 20/05/2025 00:00:00 }
	20/03/2025 18:12:36	Dal.SaleImplementation.Create:	end create Sale { SaleId = 1, ProdId = 1, QuentityForSale = 2, TotalPriceSale = 20, IsAllCustomer = True, StartDate = 20/03/2025 18:12:36, EndDate = 20/05/2025 00:00:00 }
	20/03/2025 18:12:36	Dal.SaleImplementation.Create:	begin create Sale { SaleId = 0, ProdId = 1, QuentityForSale = 5, TotalPriceSale = 50, IsAllCustomer = True, StartDate = 20/03/2025 18:12:36, EndDate = 20/05/2025 00:00:00 }
	20/03/2025 18:12:36	Dal.SaleImplementation.Create:	end create Sale { SaleId = 1, ProdId = 1, QuentityForSale = 5, TotalPriceSale = 50, IsAllCustomer = True, StartDate = 20/03/2025 18:12:36, EndDate = 20/05/2025 00:00:00 }
	20/03/2025 18:12:36	Dal.SaleImplementation.Create:	begin create Sale { SaleId = 0, ProdId = 1, QuentityForSale = 8, TotalPriceSale = 40, IsAllCustomer = True, StartDate = 20/03/2025 18:12:36, EndDate = 20/05/2025 00:00:00 }
	20/03/2025 18:12:36	Dal.SaleImplementation.Create:	end create Sale { SaleId = 1, ProdId = 1, QuentityForSale = 8, TotalPriceSale = 40, IsAllCustomer = True, StartDate = 20/03/2025 18:12:36, EndDate = 20/05/2025 00:00:00 }
	20/03/2025 18:12:36	Dal.SaleImplementation.Create:	begin create Sale { SaleId = 0, ProdId = 1, QuentityForSale = 4, TotalPriceSale = 30, IsAllCustomer = True, StartDate = 20/03/2025 18:12:36, EndDate = 20/05/2025 00:00:00 }
	20/03/2025 18:12:36	Dal.SaleImplementation.Create:	end create Sale { SaleId = 1, ProdId = 1, QuentityForSale = 4, TotalPriceSale = 30, IsAllCustomer = True, StartDate = 20/03/2025 18:12:36, EndDate = 20/05/2025 00:00:00 }
	20/03/2025 18:12:36	Dal.SaleImplementation.Create:	begin create Sale { SaleId = 0, ProdId = 2, QuentityForSale = 1, TotalPriceSale = 30, IsAllCustomer = True, StartDate = 20/03/2025 18:12:36, EndDate = 20/03/2025 18:12:36 }
	20/03/2025 18:12:36	Dal.SaleImplementation.Create:	end create Sale { SaleId = 1, ProdId = 2, QuentityForSale = 1, TotalPriceSale = 30, IsAllCustomer = True, StartDate = 20/03/2025 18:12:36, EndDate = 20/03/2025 18:12:36 }
