	25/03/2025 10:47:05	Dal.ProductImplementation.Create:	begin create Product { ProdId = 0, ProdName = תשע לפנות בוקר, ProdCategory = מבוגר, Price = 65, Quantity = 100 }
	25/03/2025 10:47:05	Dal.ProductImplementation.Create:	end create Product { ProdId = 1, ProdName = תשע לפנות בוקר, ProdCategory = מבוגר, Price = 65, Quantity = 100 }
	25/03/2025 10:47:05	Dal.ProductImplementation.Create:	begin create Product { ProdId = 0, ProdName = אנוכי מבקש, ProdCategory = מבוגר, Price = 50, Quantity = 10 }
	25/03/2025 10:47:05	Dal.ProductImplementation.Create:	end create Product { ProdId = 1, ProdName = אנוכי מבקש, ProdCategory = מבוגר, Price = 50, Quantity = 10 }
	25/03/2025 10:47:05	Dal.ProductImplementation.Create:	begin create Product { ProdId = 0, ProdName = המשגיח, ProdCategory = ביוגרפיה, Price = 80, Quantity = 15 }
	25/03/2025 10:47:05	Dal.ProductImplementation.Create:	end create Product { ProdId = 1, ProdName = המשגיח, ProdCategory = ביוגרפיה, Price = 80, Quantity = 15 }
	25/03/2025 10:47:05	Dal.ProductImplementation.Create:	begin create Product { ProdId = 0, ProdName = מסומן, ProdCategory = מבוגר, Price = 50, Quantity = 12 }
	25/03/2025 10:47:05	Dal.ProductImplementation.Create:	end create Product { ProdId = 1, ProdName = מסומן, ProdCategory = מבוגר, Price = 50, Quantity = 12 }
	25/03/2025 10:47:05	Dal.ProductImplementation.Create:	begin create Product { ProdId = 0, ProdName = נחוחות המאפה, ProdCategory = מתכונים, Price = 30, Quantity = 0 }
	25/03/2025 10:47:05	Dal.ProductImplementation.Create:	end create Product { ProdId = 1, ProdName = נחוחות המאפה, ProdCategory = מתכונים, Price = 30, Quantity = 0 }
	25/03/2025 10:47:05	Dal.ProductImplementation.Create:	begin create Product { ProdId = 0, ProdName = דודי ואודי, ProdCategory = קומיקס, Price = 40, Quantity = 30 }
	25/03/2025 10:47:05	Dal.ProductImplementation.Create:	end create Product { ProdId = 1, ProdName = דודי ואודי, ProdCategory = קומיקס, Price = 40, Quantity = 30 }
	25/03/2025 10:47:05	Dal.ProductImplementation.Create:	begin create Product { ProdId = 0, ProdName = חלונות אור, ProdCategory = נוער, Price = 40, Quantity = 35 }
	25/03/2025 10:47:05	Dal.ProductImplementation.Create:	end create Product { ProdId = 1, ProdName = חלונות אור, ProdCategory = נוער, Price = 40, Quantity = 35 }
	25/03/2025 10:47:05	Dal.SaleImplementation.Create:	begin create Sale { SaleId = 0, ProdId = 4, QuentityForSale = 1, TotalPriceSale = 20, IsAllCustomer = False, StartDate = 25/03/2025 10:47:05, EndDate = 20/05/2025 00:00:00 }
	25/03/2025 10:47:05	Dal.SaleImplementation.Create:	end create Sale { SaleId = 1, ProdId = 4, QuentityForSale = 1, TotalPriceSale = 20, IsAllCustomer = False, StartDate = 25/03/2025 10:47:05, EndDate = 20/05/2025 00:00:00 }
	25/03/2025 10:47:05	Dal.SaleImplementation.Create:	begin create Sale { SaleId = 0, ProdId = 5, QuentityForSale = 2, TotalPriceSale = 20, IsAllCustomer = True, StartDate = 25/03/2025 10:47:05, EndDate = 20/05/2025 00:00:00 }
	25/03/2025 10:47:05	Dal.SaleImplementation.Create:	end create Sale { SaleId = 1, ProdId = 5, QuentityForSale = 2, TotalPriceSale = 20, IsAllCustomer = True, StartDate = 25/03/2025 10:47:05, EndDate = 20/05/2025 00:00:00 }
	25/03/2025 10:47:05	Dal.SaleImplementation.Create:	begin create Sale { SaleId = 0, ProdId = 3, QuentityForSale = 1, TotalPriceSale = 20, IsAllCustomer = True, StartDate = 25/03/2025 10:47:05, EndDate = 20/05/2025 00:00:00 }
	25/03/2025 10:47:05	Dal.SaleImplementation.Create:	end create Sale { SaleId = 1, ProdId = 3, QuentityForSale = 1, TotalPriceSale = 20, IsAllCustomer = True, StartDate = 25/03/2025 10:47:05, EndDate = 20/05/2025 00:00:00 }
	25/03/2025 10:47:05	Dal.SaleImplementation.Create:	begin create Sale { SaleId = 0, ProdId = 6, QuentityForSale = 3, TotalPriceSale = 40, IsAllCustomer = True, StartDate = 25/03/2025 10:47:05, EndDate = 20/05/2025 00:00:00 }
	25/03/2025 10:47:05	Dal.SaleImplementation.Create:	end create Sale { SaleId = 1, ProdId = 6, QuentityForSale = 3, TotalPriceSale = 40, IsAllCustomer = True, StartDate = 25/03/2025 10:47:05, EndDate = 20/05/2025 00:00:00 }
	25/03/2025 10:47:05	Dal.SaleImplementation.Create:	begin create Sale { SaleId = 0, ProdId = 1, QuentityForSale = 4, TotalPriceSale = 30, IsAllCustomer = True, StartDate = 25/03/2025 10:47:05, EndDate = 20/05/2025 00:00:00 }
	25/03/2025 10:47:05	Dal.SaleImplementation.Create:	end create Sale { SaleId = 1, ProdId = 1, QuentityForSale = 4, TotalPriceSale = 30, IsAllCustomer = True, StartDate = 25/03/2025 10:47:05, EndDate = 20/05/2025 00:00:00 }
	25/03/2025 10:47:05	Dal.SaleImplementation.Create:	begin create Sale { SaleId = 0, ProdId = 1, QuentityForSale = 2, TotalPriceSale = 20, IsAllCustomer = True, StartDate = 25/03/2025 10:47:05, EndDate = 20/05/2025 00:00:00 }
	25/03/2025 10:47:05	Dal.SaleImplementation.Create:	end create Sale { SaleId = 1, ProdId = 1, QuentityForSale = 2, TotalPriceSale = 20, IsAllCustomer = True, StartDate = 25/03/2025 10:47:05, EndDate = 20/05/2025 00:00:00 }
	25/03/2025 10:47:06	Dal.SaleImplementation.Create:	begin create Sale { SaleId = 0, ProdId = 1, QuentityForSale = 5, TotalPriceSale = 50, IsAllCustomer = True, StartDate = 25/03/2025 10:47:05, EndDate = 20/05/2025 00:00:00 }
	25/03/2025 10:47:06	Dal.SaleImplementation.Create:	end create Sale { SaleId = 1, ProdId = 1, QuentityForSale = 5, TotalPriceSale = 50, IsAllCustomer = True, StartDate = 25/03/2025 10:47:05, EndDate = 20/05/2025 00:00:00 }
	25/03/2025 10:47:06	Dal.SaleImplementation.Create:	begin create Sale { SaleId = 0, ProdId = 1, QuentityForSale = 8, TotalPriceSale = 40, IsAllCustomer = True, StartDate = 25/03/2025 10:47:06, EndDate = 20/05/2025 00:00:00 }
	25/03/2025 10:47:06	Dal.SaleImplementation.Create:	end create Sale { SaleId = 1, ProdId = 1, QuentityForSale = 8, TotalPriceSale = 40, IsAllCustomer = True, StartDate = 25/03/2025 10:47:06, EndDate = 20/05/2025 00:00:00 }
	25/03/2025 10:47:06	Dal.SaleImplementation.Create:	begin create Sale { SaleId = 0, ProdId = 1, QuentityForSale = 4, TotalPriceSale = 30, IsAllCustomer = True, StartDate = 25/03/2025 10:47:06, EndDate = 20/05/2025 00:00:00 }
	25/03/2025 10:47:06	Dal.SaleImplementation.Create:	end create Sale { SaleId = 1, ProdId = 1, QuentityForSale = 4, TotalPriceSale = 30, IsAllCustomer = True, StartDate = 25/03/2025 10:47:06, EndDate = 20/05/2025 00:00:00 }
	25/03/2025 10:47:06	Dal.SaleImplementation.Create:	begin create Sale { SaleId = 0, ProdId = 2, QuentityForSale = 1, TotalPriceSale = 30, IsAllCustomer = True, StartDate = 25/03/2025 10:47:06, EndDate = 25/03/2025 10:47:06 }
	25/03/2025 10:47:06	Dal.SaleImplementation.Create:	end create Sale { SaleId = 1, ProdId = 2, QuentityForSale = 1, TotalPriceSale = 30, IsAllCustomer = True, StartDate = 25/03/2025 10:47:06, EndDate = 25/03/2025 10:47:06 }
	25/03/2025 12:12:36	Dal.ProductImplementation.Create:	begin create Product { ProdId = 0, ProdName = תשע לפנות בוקר, ProdCategory = מבוגר, Price = 65, Quantity = 100 }
	25/03/2025 12:12:36	Dal.ProductImplementation.Create:	end create Product { ProdId = 1, ProdName = תשע לפנות בוקר, ProdCategory = מבוגר, Price = 65, Quantity = 100 }
	25/03/2025 12:12:37	Dal.ProductImplementation.Create:	begin create Product { ProdId = 0, ProdName = אנוכי מבקש, ProdCategory = מבוגר, Price = 50, Quantity = 10 }
	25/03/2025 12:12:37	Dal.ProductImplementation.Create:	end create Product { ProdId = 2, ProdName = אנוכי מבקש, ProdCategory = מבוגר, Price = 50, Quantity = 10 }
	25/03/2025 12:12:37	Dal.ProductImplementation.Create:	begin create Product { ProdId = 0, ProdName = המשגיח, ProdCategory = ביוגרפיה, Price = 80, Quantity = 15 }
	25/03/2025 12:12:37	Dal.ProductImplementation.Create:	end create Product { ProdId = 3, ProdName = המשגיח, ProdCategory = ביוגרפיה, Price = 80, Quantity = 15 }
	25/03/2025 12:12:37	Dal.ProductImplementation.Create:	begin create Product { ProdId = 0, ProdName = מסומן, ProdCategory = מבוגר, Price = 50, Quantity = 12 }
	25/03/2025 12:12:37	Dal.ProductImplementation.Create:	end create Product { ProdId = 4, ProdName = מסומן, ProdCategory = מבוגר, Price = 50, Quantity = 12 }
	25/03/2025 12:12:37	Dal.ProductImplementation.Create:	begin create Product { ProdId = 0, ProdName = נחוחות המאפה, ProdCategory = מתכונים, Price = 30, Quantity = 0 }
	25/03/2025 12:12:37	Dal.ProductImplementation.Create:	end create Product { ProdId = 5, ProdName = נחוחות המאפה, ProdCategory = מתכונים, Price = 30, Quantity = 0 }
	25/03/2025 12:12:37	Dal.ProductImplementation.Create:	begin create Product { ProdId = 0, ProdName = דודי ואודי, ProdCategory = קומיקס, Price = 40, Quantity = 30 }
	25/03/2025 12:12:37	Dal.ProductImplementation.Create:	end create Product { ProdId = 6, ProdName = דודי ואודי, ProdCategory = קומיקס, Price = 40, Quantity = 30 }
	25/03/2025 12:12:37	Dal.ProductImplementation.Create:	begin create Product { ProdId = 0, ProdName = חלונות אור, ProdCategory = נוער, Price = 40, Quantity = 35 }
	25/03/2025 12:12:37	Dal.ProductImplementation.Create:	end create Product { ProdId = 7, ProdName = חלונות אור, ProdCategory = נוער, Price = 40, Quantity = 35 }
	25/03/2025 12:12:37	Dal.SaleImplementation.Create:	begin create Sale { SaleId = 0, ProdId = 4, QuentityForSale = 1, TotalPriceSale = 20, IsAllCustomer = False, StartDate = 25/03/2025 12:12:37, EndDate = 20/05/2025 00:00:00 }
	25/03/2025 12:12:37	Dal.SaleImplementation.Create:	end create Sale { SaleId = 8, ProdId = 4, QuentityForSale = 1, TotalPriceSale = 20, IsAllCustomer = False, StartDate = 25/03/2025 12:12:37, EndDate = 20/05/2025 00:00:00 }
	25/03/2025 12:12:37	Dal.SaleImplementation.Create:	begin create Sale { SaleId = 0, ProdId = 5, QuentityForSale = 2, TotalPriceSale = 20, IsAllCustomer = True, StartDate = 25/03/2025 12:12:37, EndDate = 20/05/2025 00:00:00 }
	25/03/2025 12:12:37	Dal.SaleImplementation.Create:	end create Sale { SaleId = 9, ProdId = 5, QuentityForSale = 2, TotalPriceSale = 20, IsAllCustomer = True, StartDate = 25/03/2025 12:12:37, EndDate = 20/05/2025 00:00:00 }
	25/03/2025 12:12:37	Dal.SaleImplementation.Create:	begin create Sale { SaleId = 0, ProdId = 3, QuentityForSale = 1, TotalPriceSale = 20, IsAllCustomer = True, StartDate = 25/03/2025 12:12:37, EndDate = 20/05/2025 00:00:00 }
	25/03/2025 12:12:37	Dal.SaleImplementation.Create:	end create Sale { SaleId = 10, ProdId = 3, QuentityForSale = 1, TotalPriceSale = 20, IsAllCustomer = True, StartDate = 25/03/2025 12:12:37, EndDate = 20/05/2025 00:00:00 }
	25/03/2025 12:12:37	Dal.SaleImplementation.Create:	begin create Sale { SaleId = 0, ProdId = 6, QuentityForSale = 3, TotalPriceSale = 40, IsAllCustomer = True, StartDate = 25/03/2025 12:12:37, EndDate = 20/05/2025 00:00:00 }
	25/03/2025 12:12:37	Dal.SaleImplementation.Create:	end create Sale { SaleId = 11, ProdId = 6, QuentityForSale = 3, TotalPriceSale = 40, IsAllCustomer = True, StartDate = 25/03/2025 12:12:37, EndDate = 20/05/2025 00:00:00 }
	25/03/2025 12:12:37	Dal.SaleImplementation.Create:	begin create Sale { SaleId = 0, ProdId = 1, QuentityForSale = 4, TotalPriceSale = 30, IsAllCustomer = True, StartDate = 25/03/2025 12:12:37, EndDate = 20/05/2025 00:00:00 }
	25/03/2025 12:12:37	Dal.SaleImplementation.Create:	end create Sale { SaleId = 12, ProdId = 1, QuentityForSale = 4, TotalPriceSale = 30, IsAllCustomer = True, StartDate = 25/03/2025 12:12:37, EndDate = 20/05/2025 00:00:00 }
	25/03/2025 12:12:37	Dal.SaleImplementation.Create:	begin create Sale { SaleId = 0, ProdId = 1, QuentityForSale = 2, TotalPriceSale = 20, IsAllCustomer = True, StartDate = 25/03/2025 12:12:37, EndDate = 20/05/2025 00:00:00 }
	25/03/2025 12:12:37	Dal.SaleImplementation.Create:	end create Sale { SaleId = 13, ProdId = 1, QuentityForSale = 2, TotalPriceSale = 20, IsAllCustomer = True, StartDate = 25/03/2025 12:12:37, EndDate = 20/05/2025 00:00:00 }
	25/03/2025 12:12:37	Dal.SaleImplementation.Create:	begin create Sale { SaleId = 0, ProdId = 1, QuentityForSale = 5, TotalPriceSale = 50, IsAllCustomer = True, StartDate = 25/03/2025 12:12:37, EndDate = 20/05/2025 00:00:00 }
	25/03/2025 12:12:37	Dal.SaleImplementation.Create:	end create Sale { SaleId = 14, ProdId = 1, QuentityForSale = 5, TotalPriceSale = 50, IsAllCustomer = True, StartDate = 25/03/2025 12:12:37, EndDate = 20/05/2025 00:00:00 }
	25/03/2025 12:12:37	Dal.SaleImplementation.Create:	begin create Sale { SaleId = 0, ProdId = 1, QuentityForSale = 8, TotalPriceSale = 40, IsAllCustomer = True, StartDate = 25/03/2025 12:12:37, EndDate = 20/05/2025 00:00:00 }
	25/03/2025 12:12:37	Dal.SaleImplementation.Create:	end create Sale { SaleId = 15, ProdId = 1, QuentityForSale = 8, TotalPriceSale = 40, IsAllCustomer = True, StartDate = 25/03/2025 12:12:37, EndDate = 20/05/2025 00:00:00 }
	25/03/2025 12:12:38	Dal.SaleImplementation.Create:	begin create Sale { SaleId = 0, ProdId = 1, QuentityForSale = 4, TotalPriceSale = 30, IsAllCustomer = True, StartDate = 25/03/2025 12:12:37, EndDate = 20/05/2025 00:00:00 }
	25/03/2025 12:12:38	Dal.SaleImplementation.Create:	end create Sale { SaleId = 16, ProdId = 1, QuentityForSale = 4, TotalPriceSale = 30, IsAllCustomer = True, StartDate = 25/03/2025 12:12:37, EndDate = 20/05/2025 00:00:00 }
	25/03/2025 12:12:38	Dal.SaleImplementation.Create:	begin create Sale { SaleId = 0, ProdId = 2, QuentityForSale = 1, TotalPriceSale = 30, IsAllCustomer = True, StartDate = 25/03/2025 12:12:38, EndDate = 25/03/2025 12:12:38 }
	25/03/2025 12:12:38	Dal.SaleImplementation.Create:	end create Sale { SaleId = 17, ProdId = 2, QuentityForSale = 1, TotalPriceSale = 30, IsAllCustomer = True, StartDate = 25/03/2025 12:12:38, EndDate = 25/03/2025 12:12:38 }
	25/03/2025 12:13:11	Dal.CustomerImplementation.Create:	begin Create Customer { CustomerId = 1, CustomerName = ציבי אינהורן, CustomerAddress = נתיבות המשפט 78 מודיעין עילית, CustomerPhone = 0533187618 }
	25/03/2025 12:13:11	Dal.CustomerImplementation.Create:	end Create Customer { CustomerId = 1, CustomerName = ציבי אינהורן, CustomerAddress = נתיבות המשפט 78 מודיעין עילית, CustomerPhone = 0533187618 }
	25/03/2025 12:13:11	Dal.CustomerImplementation.Create:	begin Create Customer { CustomerId = 3, CustomerName = תמי פל, CustomerAddress = נתיבות המשפט 70 מודיעין עילית, CustomerPhone = 0534193385 }
	25/03/2025 12:13:11	Dal.CustomerImplementation.Create:	end Create Customer { CustomerId = 3, CustomerName = תמי פל, CustomerAddress = נתיבות המשפט 70 מודיעין עילית, CustomerPhone = 0534193385 }
	25/03/2025 12:13:11	Dal.CustomerImplementation.Create:	begin Create Customer { CustomerId = 5, CustomerName = נחמי קרשינסקי, CustomerAddress = הריטבא 6 מודיעין עילית, CustomerPhone = 0556734722 }
	25/03/2025 12:13:11	Dal.CustomerImplementation.Create:	end Create Customer { CustomerId = 5, CustomerName = נחמי קרשינסקי, CustomerAddress = הריטבא 6 מודיעין עילית, CustomerPhone = 0556734722 }
	25/03/2025 12:13:11	Dal.CustomerImplementation.Create:	begin Create Customer { CustomerId = 7, CustomerName = נחמי שורץ, CustomerAddress = הרב מפונוביז 9 מודיעין עילית, CustomerPhone = 0583212449 }
	25/03/2025 12:13:11	Dal.CustomerImplementation.Create:	end Create Customer { CustomerId = 7, CustomerName = נחמי שורץ, CustomerAddress = הרב מפונוביז 9 מודיעין עילית, CustomerPhone = 0583212449 }
	25/03/2025 12:13:11	Dal.CustomerImplementation.Create:	begin Create Customer { CustomerId = 9, CustomerName = טובי קופרמן, CustomerAddress = שערי תשובה 12 מודיעין עילית, CustomerPhone = 0583230387 }
	25/03/2025 12:13:11	Dal.CustomerImplementation.Create:	end Create Customer { CustomerId = 9, CustomerName = טובי קופרמן, CustomerAddress = שערי תשובה 12 מודיעין עילית, CustomerPhone = 0583230387 }
	25/03/2025 12:13:11	Dal.CustomerImplementation.Create:	begin Create Customer { CustomerId = 11, CustomerName = רבקה גליס, CustomerAddress = מסילת יוסף 21 מודיעין עילית, CustomerPhone = 0527161532 }
	25/03/2025 12:13:11	Dal.CustomerImplementation.Create:	end Create Customer { CustomerId = 11, CustomerName = רבקה גליס, CustomerAddress = מסילת יוסף 21 מודיעין עילית, CustomerPhone = 0527161532 }
	25/03/2025 12:17:43	Dal.CustomerImplementation.Create:	begin Create Customer { CustomerId = 1, CustomerName = ציבי אינהורן, CustomerAddress = נתיבות המשפט 78 מודיעין עילית, CustomerPhone = 0533187618 }
	25/03/2025 12:17:43	Dal.CustomerImplementation.Create:	end Create Customer { CustomerId = 1, CustomerName = ציבי אינהורן, CustomerAddress = נתיבות המשפט 78 מודיעין עילית, CustomerPhone = 0533187618 }
	25/03/2025 12:17:43	Dal.CustomerImplementation.Create:	begin Create Customer { CustomerId = 3, CustomerName = תמי פל, CustomerAddress = נתיבות המשפט 70 מודיעין עילית, CustomerPhone = 0534193385 }
	25/03/2025 12:17:43	Dal.CustomerImplementation.Create:	end Create Customer { CustomerId = 3, CustomerName = תמי פל, CustomerAddress = נתיבות המשפט 70 מודיעין עילית, CustomerPhone = 0534193385 }
	25/03/2025 12:17:43	Dal.CustomerImplementation.Create:	begin Create Customer { CustomerId = 5, CustomerName = נחמי קרשינסקי, CustomerAddress = הריטבא 6 מודיעין עילית, CustomerPhone = 0556734722 }
	25/03/2025 12:17:43	Dal.CustomerImplementation.Create:	end Create Customer { CustomerId = 5, CustomerName = נחמי קרשינסקי, CustomerAddress = הריטבא 6 מודיעין עילית, CustomerPhone = 0556734722 }
	25/03/2025 12:17:43	Dal.CustomerImplementation.Create:	begin Create Customer { CustomerId = 7, CustomerName = נחמי שורץ, CustomerAddress = הרב מפונוביז 9 מודיעין עילית, CustomerPhone = 0583212449 }
	25/03/2025 12:17:43	Dal.CustomerImplementation.Create:	end Create Customer { CustomerId = 7, CustomerName = נחמי שורץ, CustomerAddress = הרב מפונוביז 9 מודיעין עילית, CustomerPhone = 0583212449 }
	25/03/2025 12:17:43	Dal.CustomerImplementation.Create:	begin Create Customer { CustomerId = 9, CustomerName = טובי קופרמן, CustomerAddress = שערי תשובה 12 מודיעין עילית, CustomerPhone = 0583230387 }
	25/03/2025 12:17:43	Dal.CustomerImplementation.Create:	end Create Customer { CustomerId = 9, CustomerName = טובי קופרמן, CustomerAddress = שערי תשובה 12 מודיעין עילית, CustomerPhone = 0583230387 }
	25/03/2025 12:17:43	Dal.CustomerImplementation.Create:	begin Create Customer { CustomerId = 11, CustomerName = רבקה גליס, CustomerAddress = מסילת יוסף 21 מודיעין עילית, CustomerPhone = 0527161532 }
	25/03/2025 12:17:43	Dal.CustomerImplementation.Create:	end Create Customer { CustomerId = 11, CustomerName = רבקה גליס, CustomerAddress = מסילת יוסף 21 מודיעין עילית, CustomerPhone = 0527161532 }
	25/03/2025 12:17:43	Dal.ProductImplementation.Create:	begin create Product { ProdId = 0, ProdName = תשע לפנות בוקר, ProdCategory = מבוגר, Price = 65, Quantity = 100 }
	25/03/2025 12:17:43	Dal.ProductImplementation.Create:	end create Product { ProdId = 100, ProdName = תשע לפנות בוקר, ProdCategory = מבוגר, Price = 65, Quantity = 100 }
	25/03/2025 12:17:43	Dal.ProductImplementation.Create:	begin create Product { ProdId = 0, ProdName = אנוכי מבקש, ProdCategory = מבוגר, Price = 50, Quantity = 10 }
	25/03/2025 12:17:43	Dal.ProductImplementation.Create:	end create Product { ProdId = 101, ProdName = אנוכי מבקש, ProdCategory = מבוגר, Price = 50, Quantity = 10 }
	25/03/2025 12:17:43	Dal.ProductImplementation.Create:	begin create Product { ProdId = 0, ProdName = המשגיח, ProdCategory = ביוגרפיה, Price = 80, Quantity = 15 }
	25/03/2025 12:17:43	Dal.ProductImplementation.Create:	end create Product { ProdId = 102, ProdName = המשגיח, ProdCategory = ביוגרפיה, Price = 80, Quantity = 15 }
	25/03/2025 12:17:43	Dal.ProductImplementation.Create:	begin create Product { ProdId = 0, ProdName = מסומן, ProdCategory = מבוגר, Price = 50, Quantity = 12 }
	25/03/2025 12:17:43	Dal.ProductImplementation.Create:	end create Product { ProdId = 103, ProdName = מסומן, ProdCategory = מבוגר, Price = 50, Quantity = 12 }
	25/03/2025 12:17:43	Dal.ProductImplementation.Create:	begin create Product { ProdId = 0, ProdName = נחוחות המאפה, ProdCategory = מתכונים, Price = 30, Quantity = 0 }
	25/03/2025 12:17:43	Dal.ProductImplementation.Create:	end create Product { ProdId = 104, ProdName = נחוחות המאפה, ProdCategory = מתכונים, Price = 30, Quantity = 0 }
	25/03/2025 12:17:43	Dal.ProductImplementation.Create:	begin create Product { ProdId = 0, ProdName = דודי ואודי, ProdCategory = קומיקס, Price = 40, Quantity = 30 }
	25/03/2025 12:17:43	Dal.ProductImplementation.Create:	end create Product { ProdId = 105, ProdName = דודי ואודי, ProdCategory = קומיקס, Price = 40, Quantity = 30 }
	25/03/2025 12:17:43	Dal.ProductImplementation.Create:	begin create Product { ProdId = 0, ProdName = חלונות אור, ProdCategory = נוער, Price = 40, Quantity = 35 }
	25/03/2025 12:17:43	Dal.ProductImplementation.Create:	end create Product { ProdId = 106, ProdName = חלונות אור, ProdCategory = נוער, Price = 40, Quantity = 35 }
	25/03/2025 12:17:43	Dal.SaleImplementation.Create:	begin create Sale { SaleId = 0, ProdId = 4, QuentityForSale = 1, TotalPriceSale = 20, IsAllCustomer = False, StartDate = 25/03/2025 12:17:43, EndDate = 20/05/2025 00:00:00 }
	25/03/2025 12:19:46	Dal.CustomerImplementation.Create:	begin Create Customer { CustomerId = 1, CustomerName = ציבי אינהורן, CustomerAddress = נתיבות המשפט 78 מודיעין עילית, CustomerPhone = 0533187618 }
	25/03/2025 12:19:46	Dal.CustomerImplementation.Create:	end Create Customer { CustomerId = 1, CustomerName = ציבי אינהורן, CustomerAddress = נתיבות המשפט 78 מודיעין עילית, CustomerPhone = 0533187618 }
	25/03/2025 12:19:46	Dal.CustomerImplementation.Create:	begin Create Customer { CustomerId = 3, CustomerName = תמי פל, CustomerAddress = נתיבות המשפט 70 מודיעין עילית, CustomerPhone = 0534193385 }
	25/03/2025 12:19:46	Dal.CustomerImplementation.Create:	end Create Customer { CustomerId = 3, CustomerName = תמי פל, CustomerAddress = נתיבות המשפט 70 מודיעין עילית, CustomerPhone = 0534193385 }
	25/03/2025 12:19:46	Dal.CustomerImplementation.Create:	begin Create Customer { CustomerId = 5, CustomerName = נחמי קרשינסקי, CustomerAddress = הריטבא 6 מודיעין עילית, CustomerPhone = 0556734722 }
	25/03/2025 12:19:46	Dal.CustomerImplementation.Create:	end Create Customer { CustomerId = 5, CustomerName = נחמי קרשינסקי, CustomerAddress = הריטבא 6 מודיעין עילית, CustomerPhone = 0556734722 }
	25/03/2025 12:19:46	Dal.CustomerImplementation.Create:	begin Create Customer { CustomerId = 7, CustomerName = נחמי שורץ, CustomerAddress = הרב מפונוביז 9 מודיעין עילית, CustomerPhone = 0583212449 }
	25/03/2025 12:19:46	Dal.CustomerImplementation.Create:	end Create Customer { CustomerId = 7, CustomerName = נחמי שורץ, CustomerAddress = הרב מפונוביז 9 מודיעין עילית, CustomerPhone = 0583212449 }
	25/03/2025 12:19:46	Dal.CustomerImplementation.Create:	begin Create Customer { CustomerId = 9, CustomerName = טובי קופרמן, CustomerAddress = שערי תשובה 12 מודיעין עילית, CustomerPhone = 0583230387 }
	25/03/2025 12:19:46	Dal.CustomerImplementation.Create:	end Create Customer { CustomerId = 9, CustomerName = טובי קופרמן, CustomerAddress = שערי תשובה 12 מודיעין עילית, CustomerPhone = 0583230387 }
	25/03/2025 12:19:46	Dal.CustomerImplementation.Create:	begin Create Customer { CustomerId = 11, CustomerName = רבקה גליס, CustomerAddress = מסילת יוסף 21 מודיעין עילית, CustomerPhone = 0527161532 }
	25/03/2025 12:19:46	Dal.CustomerImplementation.Create:	end Create Customer { CustomerId = 11, CustomerName = רבקה גליס, CustomerAddress = מסילת יוסף 21 מודיעין עילית, CustomerPhone = 0527161532 }
	25/03/2025 12:19:46	Dal.ProductImplementation.Create:	begin create Product { ProdId = 0, ProdName = תשע לפנות בוקר, ProdCategory = מבוגר, Price = 65, Quantity = 100 }
	25/03/2025 12:19:46	Dal.ProductImplementation.Create:	end create Product { ProdId = 100, ProdName = תשע לפנות בוקר, ProdCategory = מבוגר, Price = 65, Quantity = 100 }
	25/03/2025 12:19:46	Dal.ProductImplementation.Create:	begin create Product { ProdId = 0, ProdName = אנוכי מבקש, ProdCategory = מבוגר, Price = 50, Quantity = 10 }
	25/03/2025 12:19:46	Dal.ProductImplementation.Create:	end create Product { ProdId = 101, ProdName = אנוכי מבקש, ProdCategory = מבוגר, Price = 50, Quantity = 10 }
	25/03/2025 12:19:46	Dal.ProductImplementation.Create:	begin create Product { ProdId = 0, ProdName = המשגיח, ProdCategory = ביוגרפיה, Price = 80, Quantity = 15 }
	25/03/2025 12:19:46	Dal.ProductImplementation.Create:	end create Product { ProdId = 102, ProdName = המשגיח, ProdCategory = ביוגרפיה, Price = 80, Quantity = 15 }
	25/03/2025 12:19:46	Dal.ProductImplementation.Create:	begin create Product { ProdId = 0, ProdName = מסומן, ProdCategory = מבוגר, Price = 50, Quantity = 12 }
	25/03/2025 12:19:46	Dal.ProductImplementation.Create:	end create Product { ProdId = 103, ProdName = מסומן, ProdCategory = מבוגר, Price = 50, Quantity = 12 }
	25/03/2025 12:19:46	Dal.ProductImplementation.Create:	begin create Product { ProdId = 0, ProdName = נחוחות המאפה, ProdCategory = מתכונים, Price = 30, Quantity = 0 }
	25/03/2025 12:19:46	Dal.ProductImplementation.Create:	end create Product { ProdId = 104, ProdName = נחוחות המאפה, ProdCategory = מתכונים, Price = 30, Quantity = 0 }
	25/03/2025 12:19:46	Dal.ProductImplementation.Create:	begin create Product { ProdId = 0, ProdName = דודי ואודי, ProdCategory = קומיקס, Price = 40, Quantity = 30 }
	25/03/2025 12:19:46	Dal.ProductImplementation.Create:	end create Product { ProdId = 105, ProdName = דודי ואודי, ProdCategory = קומיקס, Price = 40, Quantity = 30 }
	25/03/2025 12:19:46	Dal.ProductImplementation.Create:	begin create Product { ProdId = 0, ProdName = חלונות אור, ProdCategory = נוער, Price = 40, Quantity = 35 }
	25/03/2025 12:19:46	Dal.ProductImplementation.Create:	end create Product { ProdId = 106, ProdName = חלונות אור, ProdCategory = נוער, Price = 40, Quantity = 35 }
	25/03/2025 12:19:46	Dal.SaleImplementation.Create:	begin create Sale { SaleId = 0, ProdId = 4, QuentityForSale = 1, TotalPriceSale = 20, IsAllCustomer = False, StartDate = 25/03/2025 12:19:46, EndDate = 20/05/2025 00:00:00 }
	25/03/2025 12:21:12	Dal.CustomerImplementation.Create:	begin Create Customer { CustomerId = 1, CustomerName = ציבי אינהורן, CustomerAddress = נתיבות המשפט 78 מודיעין עילית, CustomerPhone = 0533187618 }
	25/03/2025 12:21:12	Dal.CustomerImplementation.Create:	-----------------error: This ID is already in the customer list-----------------
	25/03/2025 12:21:36	Dal.SaleImplementation.Create:	begin create Sale { SaleId = 0, ProdId = 4, QuentityForSale = 1, TotalPriceSale = 20, IsAllCustomer = False, StartDate = 25/03/2025 12:21:36, EndDate = 20/05/2025 00:00:00 }
	25/03/2025 12:23:40	Dal.SaleImplementation.Create:	begin create Sale { SaleId = 0, ProdId = 4, QuentityForSale = 1, TotalPriceSale = 20, IsAllCustomer = False, StartDate = 25/03/2025 12:23:40, EndDate = 20/05/2025 00:00:00 }
	25/03/2025 12:23:40	Dal.SaleImplementation.Create:	end create Sale { SaleId = 500, ProdId = 4, QuentityForSale = 1, TotalPriceSale = 20, IsAllCustomer = False, StartDate = 25/03/2025 12:23:40, EndDate = 20/05/2025 00:00:00 }
	25/03/2025 12:23:40	Dal.SaleImplementation.Create:	begin create Sale { SaleId = 0, ProdId = 5, QuentityForSale = 2, TotalPriceSale = 20, IsAllCustomer = True, StartDate = 25/03/2025 12:23:40, EndDate = 20/05/2025 00:00:00 }
	25/03/2025 12:23:40	Dal.SaleImplementation.Create:	end create Sale { SaleId = 501, ProdId = 5, QuentityForSale = 2, TotalPriceSale = 20, IsAllCustomer = True, StartDate = 25/03/2025 12:23:40, EndDate = 20/05/2025 00:00:00 }
	25/03/2025 12:23:40	Dal.SaleImplementation.Create:	begin create Sale { SaleId = 0, ProdId = 3, QuentityForSale = 1, TotalPriceSale = 20, IsAllCustomer = True, StartDate = 25/03/2025 12:23:40, EndDate = 20/05/2025 00:00:00 }
	25/03/2025 12:23:40	Dal.SaleImplementation.Create:	end create Sale { SaleId = 502, ProdId = 3, QuentityForSale = 1, TotalPriceSale = 20, IsAllCustomer = True, StartDate = 25/03/2025 12:23:40, EndDate = 20/05/2025 00:00:00 }
	25/03/2025 12:23:40	Dal.SaleImplementation.Create:	begin create Sale { SaleId = 0, ProdId = 6, QuentityForSale = 3, TotalPriceSale = 40, IsAllCustomer = True, StartDate = 25/03/2025 12:23:40, EndDate = 20/05/2025 00:00:00 }
	25/03/2025 12:23:40	Dal.SaleImplementation.Create:	end create Sale { SaleId = 503, ProdId = 6, QuentityForSale = 3, TotalPriceSale = 40, IsAllCustomer = True, StartDate = 25/03/2025 12:23:40, EndDate = 20/05/2025 00:00:00 }
	25/03/2025 12:23:40	Dal.SaleImplementation.Create:	begin create Sale { SaleId = 0, ProdId = 1, QuentityForSale = 4, TotalPriceSale = 30, IsAllCustomer = True, StartDate = 25/03/2025 12:23:40, EndDate = 20/05/2025 00:00:00 }
	25/03/2025 12:23:40	Dal.SaleImplementation.Create:	end create Sale { SaleId = 504, ProdId = 1, QuentityForSale = 4, TotalPriceSale = 30, IsAllCustomer = True, StartDate = 25/03/2025 12:23:40, EndDate = 20/05/2025 00:00:00 }
	25/03/2025 12:23:40	Dal.SaleImplementation.Create:	begin create Sale { SaleId = 0, ProdId = 1, QuentityForSale = 2, TotalPriceSale = 20, IsAllCustomer = True, StartDate = 25/03/2025 12:23:40, EndDate = 20/05/2025 00:00:00 }
	25/03/2025 12:23:40	Dal.SaleImplementation.Create:	end create Sale { SaleId = 505, ProdId = 1, QuentityForSale = 2, TotalPriceSale = 20, IsAllCustomer = True, StartDate = 25/03/2025 12:23:40, EndDate = 20/05/2025 00:00:00 }
	25/03/2025 12:23:40	Dal.SaleImplementation.Create:	begin create Sale { SaleId = 0, ProdId = 1, QuentityForSale = 5, TotalPriceSale = 50, IsAllCustomer = True, StartDate = 25/03/2025 12:23:40, EndDate = 20/05/2025 00:00:00 }
	25/03/2025 12:23:40	Dal.SaleImplementation.Create:	end create Sale { SaleId = 506, ProdId = 1, QuentityForSale = 5, TotalPriceSale = 50, IsAllCustomer = True, StartDate = 25/03/2025 12:23:40, EndDate = 20/05/2025 00:00:00 }
	25/03/2025 12:23:40	Dal.SaleImplementation.Create:	begin create Sale { SaleId = 0, ProdId = 1, QuentityForSale = 8, TotalPriceSale = 40, IsAllCustomer = True, StartDate = 25/03/2025 12:23:40, EndDate = 20/05/2025 00:00:00 }
	25/03/2025 12:23:40	Dal.SaleImplementation.Create:	end create Sale { SaleId = 507, ProdId = 1, QuentityForSale = 8, TotalPriceSale = 40, IsAllCustomer = True, StartDate = 25/03/2025 12:23:40, EndDate = 20/05/2025 00:00:00 }
	25/03/2025 12:23:40	Dal.SaleImplementation.Create:	begin create Sale { SaleId = 0, ProdId = 1, QuentityForSale = 4, TotalPriceSale = 30, IsAllCustomer = True, StartDate = 25/03/2025 12:23:40, EndDate = 20/05/2025 00:00:00 }
	25/03/2025 12:23:40	Dal.SaleImplementation.Create:	end create Sale { SaleId = 508, ProdId = 1, QuentityForSale = 4, TotalPriceSale = 30, IsAllCustomer = True, StartDate = 25/03/2025 12:23:40, EndDate = 20/05/2025 00:00:00 }
	25/03/2025 12:23:40	Dal.SaleImplementation.Create:	begin create Sale { SaleId = 0, ProdId = 2, QuentityForSale = 1, TotalPriceSale = 30, IsAllCustomer = True, StartDate = 25/03/2025 12:23:40, EndDate = 25/03/2025 12:23:40 }
	25/03/2025 12:23:40	Dal.SaleImplementation.Create:	end create Sale { SaleId = 509, ProdId = 2, QuentityForSale = 1, TotalPriceSale = 30, IsAllCustomer = True, StartDate = 25/03/2025 12:23:40, EndDate = 25/03/2025 12:23:40 }
	25/03/2025 15:36:43	Dal.CustomerImplementation.Create:	begin Create Customer { CustomerId = 12, CustomerName = jkjk, CustomerAddress = uui, CustomerPhone = 45454545 }
	25/03/2025 15:36:43	Dal.CustomerImplementation.Create:	end Create Customer { CustomerId = 12, CustomerName = jkjk, CustomerAddress = uui, CustomerPhone = 45454545 }
	25/03/2025 15:36:49	Dal.ProductImplementation.Read:	begin Read Product0
	25/03/2025 15:36:49	Dal.ProductImplementation.Read:	-----------------error: This product is not in the prducts list-----------------
	25/03/2025 15:37:22	Dal.CustomerImplementation.Create:	begin Create Customer { CustomerId = 12, CustomerName = jkjk, CustomerAddress = uui, CustomerPhone = 45454545 }
	25/03/2025 15:37:22	Dal.CustomerImplementation.Create:	-----------------error: This ID is already in the customer list-----------------
	25/03/2025 16:14:01	Dal.SaleImplementation.Create:	begin create Sale { SaleId = 0, ProdId = 4, QuentityForSale = 1, TotalPriceSale = 20, IsAllCustomer = False, StartDate = 25/03/2025 16:14:01, EndDate = 20/05/2025 00:00:00 }
	25/03/2025 16:14:01	Dal.SaleImplementation.Create:	end create Sale { SaleId = 510, ProdId = 4, QuentityForSale = 1, TotalPriceSale = 20, IsAllCustomer = False, StartDate = 25/03/2025 16:14:01, EndDate = 20/05/2025 00:00:00 }
	25/03/2025 16:14:01	Dal.SaleImplementation.Create:	begin create Sale { SaleId = 0, ProdId = 5, QuentityForSale = 2, TotalPriceSale = 20, IsAllCustomer = True, StartDate = 25/03/2025 16:14:01, EndDate = 20/05/2025 00:00:00 }
	25/03/2025 16:14:01	Dal.SaleImplementation.Create:	end create Sale { SaleId = 511, ProdId = 5, QuentityForSale = 2, TotalPriceSale = 20, IsAllCustomer = True, StartDate = 25/03/2025 16:14:01, EndDate = 20/05/2025 00:00:00 }
	25/03/2025 16:14:01	Dal.SaleImplementation.Create:	begin create Sale { SaleId = 0, ProdId = 3, QuentityForSale = 1, TotalPriceSale = 20, IsAllCustomer = True, StartDate = 25/03/2025 16:14:01, EndDate = 20/05/2025 00:00:00 }
	25/03/2025 16:14:01	Dal.SaleImplementation.Create:	end create Sale { SaleId = 512, ProdId = 3, QuentityForSale = 1, TotalPriceSale = 20, IsAllCustomer = True, StartDate = 25/03/2025 16:14:01, EndDate = 20/05/2025 00:00:00 }
	25/03/2025 16:14:01	Dal.SaleImplementation.Create:	begin create Sale { SaleId = 0, ProdId = 6, QuentityForSale = 3, TotalPriceSale = 40, IsAllCustomer = True, StartDate = 25/03/2025 16:14:01, EndDate = 20/05/2025 00:00:00 }
	25/03/2025 16:14:01	Dal.SaleImplementation.Create:	end create Sale { SaleId = 513, ProdId = 6, QuentityForSale = 3, TotalPriceSale = 40, IsAllCustomer = True, StartDate = 25/03/2025 16:14:01, EndDate = 20/05/2025 00:00:00 }
	25/03/2025 16:14:01	Dal.SaleImplementation.Create:	begin create Sale { SaleId = 0, ProdId = 1, QuentityForSale = 4, TotalPriceSale = 30, IsAllCustomer = True, StartDate = 25/03/2025 16:14:01, EndDate = 20/05/2025 00:00:00 }
	25/03/2025 16:14:01	Dal.SaleImplementation.Create:	end create Sale { SaleId = 514, ProdId = 1, QuentityForSale = 4, TotalPriceSale = 30, IsAllCustomer = True, StartDate = 25/03/2025 16:14:01, EndDate = 20/05/2025 00:00:00 }
	25/03/2025 16:14:01	Dal.SaleImplementation.Create:	begin create Sale { SaleId = 0, ProdId = 1, QuentityForSale = 2, TotalPriceSale = 20, IsAllCustomer = True, StartDate = 25/03/2025 16:14:01, EndDate = 20/05/2025 00:00:00 }
	25/03/2025 16:14:02	Dal.SaleImplementation.Create:	end create Sale { SaleId = 515, ProdId = 1, QuentityForSale = 2, TotalPriceSale = 20, IsAllCustomer = True, StartDate = 25/03/2025 16:14:01, EndDate = 20/05/2025 00:00:00 }
	25/03/2025 16:14:02	Dal.SaleImplementation.Create:	begin create Sale { SaleId = 0, ProdId = 1, QuentityForSale = 5, TotalPriceSale = 50, IsAllCustomer = True, StartDate = 25/03/2025 16:14:02, EndDate = 20/05/2025 00:00:00 }
	25/03/2025 16:14:02	Dal.SaleImplementation.Create:	end create Sale { SaleId = 516, ProdId = 1, QuentityForSale = 5, TotalPriceSale = 50, IsAllCustomer = True, StartDate = 25/03/2025 16:14:02, EndDate = 20/05/2025 00:00:00 }
	25/03/2025 16:14:02	Dal.SaleImplementation.Create:	begin create Sale { SaleId = 0, ProdId = 1, QuentityForSale = 8, TotalPriceSale = 40, IsAllCustomer = True, StartDate = 25/03/2025 16:14:02, EndDate = 20/05/2025 00:00:00 }
	25/03/2025 16:14:02	Dal.SaleImplementation.Create:	end create Sale { SaleId = 517, ProdId = 1, QuentityForSale = 8, TotalPriceSale = 40, IsAllCustomer = True, StartDate = 25/03/2025 16:14:02, EndDate = 20/05/2025 00:00:00 }
	25/03/2025 16:14:02	Dal.SaleImplementation.Create:	begin create Sale { SaleId = 0, ProdId = 1, QuentityForSale = 4, TotalPriceSale = 30, IsAllCustomer = True, StartDate = 25/03/2025 16:14:02, EndDate = 20/05/2025 00:00:00 }
	25/03/2025 16:14:02	Dal.SaleImplementation.Create:	end create Sale { SaleId = 518, ProdId = 1, QuentityForSale = 4, TotalPriceSale = 30, IsAllCustomer = True, StartDate = 25/03/2025 16:14:02, EndDate = 20/05/2025 00:00:00 }
	25/03/2025 16:14:02	Dal.SaleImplementation.Create:	begin create Sale { SaleId = 0, ProdId = 2, QuentityForSale = 1, TotalPriceSale = 30, IsAllCustomer = True, StartDate = 25/03/2025 16:14:02, EndDate = 25/03/2025 16:14:02 }
	25/03/2025 16:14:02	Dal.SaleImplementation.Create:	end create Sale { SaleId = 519, ProdId = 2, QuentityForSale = 1, TotalPriceSale = 30, IsAllCustomer = True, StartDate = 25/03/2025 16:14:02, EndDate = 25/03/2025 16:14:02 }
25/03/2025 16:14:19	Dal.CustomerImplementation.Create:	111111111111
	25/03/2025 16:14:19	Dal.CustomerImplementation.Create:	begin Create Customer { CustomerId = 12, CustomerName = jkjk, CustomerAddress = uui, CustomerPhone = 45454545 }
	25/03/2025 16:14:19	Dal.CustomerImplementation.Create:	bhgfhghgfh
	25/03/2025 16:14:19	Dal.CustomerImplementation.Create:	hhhhhhhhhhh
	25/03/2025 16:14:19	Dal.CustomerImplementation.Create:	end Create Customer { CustomerId = 12, CustomerName = jkjk, CustomerAddress = uui, CustomerPhone = 45454545 }
25/03/2025 16:14:19	Dal.CustomerImplementation.Create:	111111111111
	25/03/2025 16:14:19	Dal.CustomerImplementation.Create:	begin Create Customer { CustomerId = 454, CustomerName = jkjk, CustomerAddress = uui, CustomerPhone = 45454545 }
	25/03/2025 16:14:19	Dal.CustomerImplementation.Create:	bhgfhghgfh
	25/03/2025 16:14:19	Dal.CustomerImplementation.Create:	hhhhhhhhhhh
	25/03/2025 16:14:19	Dal.CustomerImplementation.Create:	end Create Customer { CustomerId = 454, CustomerName = jkjk, CustomerAddress = uui, CustomerPhone = 45454545 }
