26/03/2025 12:32:00	Dal.CustomerImplementation.Create:	111111111111
	26/03/2025 12:32:00	Dal.CustomerImplementation.Create:	begin Create Customer { CustomerId = 2, CustomerName = קר, CustomerAddress = כי, CustomerPhone = קא }
	26/03/2025 12:32:00	Dal.CustomerImplementation.Create:	bhgfhghgfh
	26/03/2025 12:32:00	Dal.CustomerImplementation.Create:	hhhhhhhhhhh
	26/03/2025 12:32:00	Dal.CustomerImplementation.Create:	end Create Customer { CustomerId = 2, CustomerName = קר, CustomerAddress = כי, CustomerPhone = קא }
26/03/2025 13:56:59	Dal.CustomerImplementation.Create:	111111111111
	26/03/2025 13:56:59	Dal.CustomerImplementation.Create:	begin Create Customer { CustomerId = 11, CustomerName = חזון דוד, CustomerAddress = אסתי פרלמן, CustomerPhone = 0533102272 }
	26/03/2025 13:56:59	Dal.CustomerImplementation.Create:	-----------------error: This ID is already in the customer list-----------------
	26/03/2025 14:02:19	Dal.CustomerImplementation.Create:	begin Create Customer { CustomerId = 11, CustomerName = א, CustomerAddress = נמצנ, CustomerPhone = אר }
	26/03/2025 14:02:19	Dal.CustomerImplementation.Create:	-----------------error: This ID is already in the customer list-----------------
	26/03/2025 14:02:31	Dal.CustomerImplementation.Create:	begin Create Customer { CustomerId = 9, CustomerName = א, CustomerAddress = נמצנ, CustomerPhone = אר }
	26/03/2025 14:02:31	Dal.CustomerImplementation.Create:	-----------------error: This ID is already in the customer list-----------------
	26/03/2025 14:03:02	Dal.CustomerImplementation.Create:	begin Create Customer { CustomerId = 566, CustomerName = חיח, CustomerAddress = א, CustomerPhone = יחיעח }
	26/03/2025 14:03:02	Dal.CustomerImplementation.Create:	end Create Customer { CustomerId = 566, CustomerName = חיח, CustomerAddress = א, CustomerPhone = יחיעח }
	26/03/2025 14:03:08	Dal.CustomerImplementation.Create:	begin Create Customer { CustomerId = 11, CustomerName = חיח, CustomerAddress = א, CustomerPhone = יחיעח }
	26/03/2025 14:03:08	Dal.CustomerImplementation.Create:	-----------------error: This ID is already in the customer list-----------------
	26/03/2025 14:12:23	Dal.CustomerImplementation.Create:	begin Create Customer { CustomerId = 11, CustomerName = jkjk, CustomerAddress = uui, CustomerPhone = 45454545 }
	26/03/2025 14:12:23	Dal.CustomerImplementation.Create:	-----------------error: This ID is already in the customer list-----------------
	26/03/2025 14:14:24	Dal.CustomerImplementation.Create:	begin Create Customer { CustomerId = 11, CustomerName = jkjk, CustomerAddress = uui, CustomerPhone = 45454545 }
	26/03/2025 14:16:22	Dal.CustomerImplementation.Create:	-----------------error: This ID is already in the customer list-----------------
	26/03/2025 14:38:35	Dal.CustomerImplementation.Create:	begin Create Customer { CustomerId = 11, CustomerName = jkjk, CustomerAddress = uui, CustomerPhone = 45454545 }
	26/03/2025 14:38:35	Dal.CustomerImplementation.Create:	-----------------error: This ID is already in the customer list-----------------
	26/03/2025 14:39:52	Dal.CustomerImplementation.Create:	begin Create Customer { CustomerId = 11, CustomerName = חזון דוד 11, CustomerAddress = אסתי פרלמן, CustomerPhone = 0533102272 }
	26/03/2025 14:39:52	Dal.CustomerImplementation.Create:	-----------------error: This ID is already in the customer list-----------------
	26/03/2025 14:40:34	Dal.CustomerImplementation.Create:	begin Create Customer { CustomerId = 11, CustomerName = 'רק, CustomerAddress = כ, CustomerPhone = ר }
	26/03/2025 14:40:34	Dal.CustomerImplementation.Create:	-----------------error: This ID is already in the customer list-----------------
	26/03/2025 14:42:11	Dal.CustomerImplementation.Create:	begin Create Customer { CustomerId = 11, CustomerName = jkjk, CustomerAddress = uui, CustomerPhone = 45454545 }
	26/03/2025 14:42:33	Dal.CustomerImplementation.Create:	-----------------error: This ID is already in the customer list-----------------
