	05/03/2025 19:38:08	Dal.CustomerImplementation.Create:	begin Create Customer { CustomerId = 1, CustomerName = ציבי אינהורן, CustomerAddress = נתיבות המשפט 78 מודיעין עילית, CustomerPhone = 0533187618 }
	05/03/2025 19:38:08	Dal.CustomerImplementation.Create:	end Create Customer { CustomerId = 1, CustomerName = ציבי אינהורן, CustomerAddress = נתיבות המשפט 78 מודיעין עילית, CustomerPhone = 0533187618 }
	05/03/2025 19:38:08	Dal.CustomerImplementation.Create:	begin Create Customer { CustomerId = 3, CustomerName = תמי פל, CustomerAddress = נתיבות המשפט 70 מודיעין עילית, CustomerPhone = 0534193385 }
	05/03/2025 19:38:08	Dal.CustomerImplementation.Create:	end Create Customer { CustomerId = 3, CustomerName = תמי פל, CustomerAddress = נתיבות המשפט 70 מודיעין עילית, CustomerPhone = 0534193385 }
	05/03/2025 19:38:08	Dal.CustomerImplementation.Create:	begin Create Customer { CustomerId = 5, CustomerName = נחמי קרשינסקי, CustomerAddress = הריטבא 6 מודיעין עילית, CustomerPhone = 0556734722 }
	05/03/2025 19:38:08	Dal.CustomerImplementation.Create:	end Create Customer { CustomerId = 5, CustomerName = נחמי קרשינסקי, CustomerAddress = הריטבא 6 מודיעין עילית, CustomerPhone = 0556734722 }
	05/03/2025 19:38:08	Dal.CustomerImplementation.Create:	begin Create Customer { CustomerId = 7, CustomerName = נחמי שורץ, CustomerAddress = הרב מפונוביז 9 מודיעין עילית, CustomerPhone = 0583212449 }
	05/03/2025 19:38:08	Dal.CustomerImplementation.Create:	end Create Customer { CustomerId = 7, CustomerName = נחמי שורץ, CustomerAddress = הרב מפונוביז 9 מודיעין עילית, CustomerPhone = 0583212449 }
	05/03/2025 19:38:08	Dal.CustomerImplementation.Create:	begin Create Customer { CustomerId = 9, CustomerName = טובי קופרמן, CustomerAddress = שערי תשובה 12 מודיעין עילית, CustomerPhone = 0583230387 }
	05/03/2025 19:38:08	Dal.CustomerImplementation.Create:	end Create Customer { CustomerId = 9, CustomerName = טובי קופרמן, CustomerAddress = שערי תשובה 12 מודיעין עילית, CustomerPhone = 0583230387 }
	05/03/2025 19:38:08	Dal.CustomerImplementation.Create:	begin Create Customer { CustomerId = 11, CustomerName = רבקה גליס, CustomerAddress = מסילת יוסף 21 מודיעין עילית, CustomerPhone = 0527161532 }
	05/03/2025 19:38:08	Dal.CustomerImplementation.Create:	end Create Customer { CustomerId = 11, CustomerName = רבקה גליס, CustomerAddress = מסילת יוסף 21 מודיעין עילית, CustomerPhone = 0527161532 }
	05/03/2025 19:38:08	Dal.ProductImplementation.Create:	begin create Product { ProdId = 0, ProdName = תשע לפנות בוקר, ProdCategory = מבוגר, Price = 65, Quantity = 100 }
	05/03/2025 19:38:08	Dal.ProductImplementation.Create:	end create Product { ProdId = 0, ProdName = תשע לפנות בוקר, ProdCategory = מבוגר, Price = 65, Quantity = 100 }
	05/03/2025 19:38:08	Dal.ProductImplementation.Create:	begin create Product { ProdId = 0, ProdName = אנוכי מבקש, ProdCategory = מבוגר, Price = 50, Quantity = 10 }
	05/03/2025 19:38:08	Dal.ProductImplementation.Create:	end create Product { ProdId = 0, ProdName = אנוכי מבקש, ProdCategory = מבוגר, Price = 50, Quantity = 10 }
	05/03/2025 19:38:08	Dal.ProductImplementation.Create:	begin create Product { ProdId = 0, ProdName = המשגיח, ProdCategory = ביוגרפיה, Price = 80, Quantity = 15 }
	05/03/2025 19:38:08	Dal.ProductImplementation.Create:	end create Product { ProdId = 0, ProdName = המשגיח, ProdCategory = ביוגרפיה, Price = 80, Quantity = 15 }
	05/03/2025 19:38:08	Dal.ProductImplementation.Create:	begin create Product { ProdId = 0, ProdName = מסומן, ProdCategory = מבוגר, Price = 50, Quantity = 12 }
	05/03/2025 19:38:08	Dal.ProductImplementation.Create:	end create Product { ProdId = 0, ProdName = מסומן, ProdCategory = מבוגר, Price = 50, Quantity = 12 }
	05/03/2025 19:38:08	Dal.ProductImplementation.Create:	begin create Product { ProdId = 0, ProdName = נחוחות המאפה, ProdCategory = מתכונים, Price = 30, Quantity = 0 }
	05/03/2025 19:38:08	Dal.ProductImplementation.Create:	end create Product { ProdId = 0, ProdName = נחוחות המאפה, ProdCategory = מתכונים, Price = 30, Quantity = 0 }
	05/03/2025 19:38:08	Dal.ProductImplementation.Create:	begin create Product { ProdId = 0, ProdName = דודי ואודי, ProdCategory = קומיקס, Price = 40, Quantity = 30 }
	05/03/2025 19:38:08	Dal.ProductImplementation.Create:	end create Product { ProdId = 0, ProdName = דודי ואודי, ProdCategory = קומיקס, Price = 40, Quantity = 30 }
	05/03/2025 19:38:08	Dal.ProductImplementation.Create:	begin create Product { ProdId = 0, ProdName = חלונות אור, ProdCategory = נוער, Price = 40, Quantity = 35 }
	05/03/2025 19:38:08	Dal.ProductImplementation.Create:	end create Product { ProdId = 0, ProdName = חלונות אור, ProdCategory = נוער, Price = 40, Quantity = 35 }
	05/03/2025 19:38:08	Dal.SaleImplementation.Create:	begin create Sale { SaleId = 0, ProdId = 4, QuentityForSale = 1, TotalPriceSale = 20, IsAllCustomer = False, StartDate = 05/03/2025 19:38:08, EndDate = 20/05/2025 00:00:00 }
	05/03/2025 19:38:08	Dal.SaleImplementation.Create:	end create Sale { SaleId = 0, ProdId = 4, QuentityForSale = 1, TotalPriceSale = 20, IsAllCustomer = False, StartDate = 05/03/2025 19:38:08, EndDate = 20/05/2025 00:00:00 }
		05/03/2025 19:38:08	Dal.SaleImplementation.Create:	begin create Sale { SaleId = 0, ProdId = 5, QuentityForSale = 2, TotalPriceSale = 20, IsAllCustomer = True, StartDate = 05/03/2025 19:38:08, EndDate = 20/05/2025 00:00:00 }
		05/03/2025 19:38:08	Dal.SaleImplementation.Create:	end create Sale { SaleId = 0, ProdId = 5, QuentityForSale = 2, TotalPriceSale = 20, IsAllCustomer = True, StartDate = 05/03/2025 19:38:08, EndDate = 20/05/2025 00:00:00 }
		05/03/2025 19:38:08	Dal.SaleImplementation.Create:	begin create Sale { SaleId = 0, ProdId = 3, QuentityForSale = 1, TotalPriceSale = 20, IsAllCustomer = True, StartDate = 05/03/2025 19:38:08, EndDate = 20/05/2025 00:00:00 }
		05/03/2025 19:38:08	Dal.SaleImplementation.Create:	end create Sale { SaleId = 0, ProdId = 3, QuentityForSale = 1, TotalPriceSale = 20, IsAllCustomer = True, StartDate = 05/03/2025 19:38:08, EndDate = 20/05/2025 00:00:00 }
		05/03/2025 19:38:08	Dal.SaleImplementation.Create:	begin create Sale { SaleId = 0, ProdId = 6, QuentityForSale = 3, TotalPriceSale = 40, IsAllCustomer = True, StartDate = 05/03/2025 19:38:08, EndDate = 20/05/2025 00:00:00 }
		05/03/2025 19:38:08	Dal.SaleImplementation.Create:	end create Sale { SaleId = 0, ProdId = 6, QuentityForSale = 3, TotalPriceSale = 40, IsAllCustomer = True, StartDate = 05/03/2025 19:38:08, EndDate = 20/05/2025 00:00:00 }
		05/03/2025 19:38:08	Dal.SaleImplementation.Create:	begin create Sale { SaleId = 0, ProdId = 1, QuentityForSale = 4, TotalPriceSale = 30, IsAllCustomer = True, StartDate = 05/03/2025 19:38:08, EndDate = 20/05/2025 00:00:00 }
		05/03/2025 19:38:08	Dal.SaleImplementation.Create:	end create Sale { SaleId = 0, ProdId = 1, QuentityForSale = 4, TotalPriceSale = 30, IsAllCustomer = True, StartDate = 05/03/2025 19:38:08, EndDate = 20/05/2025 00:00:00 }
		05/03/2025 19:38:08	Dal.SaleImplementation.Create:	begin create Sale { SaleId = 0, ProdId = 1, QuentityForSale = 2, TotalPriceSale = 20, IsAllCustomer = True, StartDate = 05/03/2025 19:38:08, EndDate = 20/05/2025 00:00:00 }
		05/03/2025 19:38:08	Dal.SaleImplementation.Create:	end create Sale { SaleId = 0, ProdId = 1, QuentityForSale = 2, TotalPriceSale = 20, IsAllCustomer = True, StartDate = 05/03/2025 19:38:08, EndDate = 20/05/2025 00:00:00 }
		05/03/2025 19:38:08	Dal.SaleImplementation.Create:	begin create Sale { SaleId = 0, ProdId = 1, QuentityForSale = 5, TotalPriceSale = 50, IsAllCustomer = True, StartDate = 05/03/2025 19:38:08, EndDate = 20/05/2025 00:00:00 }
		05/03/2025 19:38:08	Dal.SaleImplementation.Create:	end create Sale { SaleId = 0, ProdId = 1, QuentityForSale = 5, TotalPriceSale = 50, IsAllCustomer = True, StartDate = 05/03/2025 19:38:08, EndDate = 20/05/2025 00:00:00 }
		05/03/2025 19:38:08	Dal.SaleImplementation.Create:	begin create Sale { SaleId = 0, ProdId = 1, QuentityForSale = 8, TotalPriceSale = 40, IsAllCustomer = True, StartDate = 05/03/2025 19:38:08, EndDate = 20/05/2025 00:00:00 }
		05/03/2025 19:38:08	Dal.SaleImplementation.Create:	end create Sale { SaleId = 0, ProdId = 1, QuentityForSale = 8, TotalPriceSale = 40, IsAllCustomer = True, StartDate = 05/03/2025 19:38:08, EndDate = 20/05/2025 00:00:00 }
		05/03/2025 19:38:08	Dal.SaleImplementation.Create:	begin create Sale { SaleId = 0, ProdId = 1, QuentityForSale = 4, TotalPriceSale = 30, IsAllCustomer = True, StartDate = 05/03/2025 19:38:08, EndDate = 20/05/2025 00:00:00 }
		05/03/2025 19:38:08	Dal.SaleImplementation.Create:	end create Sale { SaleId = 0, ProdId = 1, QuentityForSale = 4, TotalPriceSale = 30, IsAllCustomer = True, StartDate = 05/03/2025 19:38:08, EndDate = 20/05/2025 00:00:00 }
		05/03/2025 19:38:08	Dal.SaleImplementation.Create:	begin create Sale { SaleId = 0, ProdId = 2, QuentityForSale = 1, TotalPriceSale = 30, IsAllCustomer = True, StartDate = 05/03/2025 19:38:08, EndDate = 05/03/2025 19:38:08 }
		05/03/2025 19:38:08	Dal.SaleImplementation.Create:	end create Sale { SaleId = 0, ProdId = 2, QuentityForSale = 1, TotalPriceSale = 30, IsAllCustomer = True, StartDate = 05/03/2025 19:38:08, EndDate = 05/03/2025 19:38:08 }
	05/03/2025 19:54:35	Dal.CustomerImplementation.Create:	begin Create Customer { CustomerId = 1, CustomerName = ציבי אינהורן, CustomerAddress = נתיבות המשפט 78 מודיעין עילית, CustomerPhone = 0533187618 }
	05/03/2025 19:55:14	Dal.CustomerImplementation.Create:	begin Create Customer { CustomerId = 1, CustomerName = ציבי אינהורן, CustomerAddress = נתיבות המשפט 78 מודיעין עילית, CustomerPhone = 0533187618 }
	05/03/2025 19:56:25	Dal.CustomerImplementation.Create:	begin Create Customer { CustomerId = 1, CustomerName = ציבי אינהורן, CustomerAddress = נתיבות המשפט 78 מודיעין עילית, CustomerPhone = 0533187618 }
	05/03/2025 20:05:09	Dal.CustomerImplementation.Create:	begin Create Customer { CustomerId = 1, CustomerName = ציבי אינהורן, CustomerAddress = נתיבות המשפט 78 מודיעין עילית, CustomerPhone = 0533187618 }
	05/03/2025 20:05:19	Dal.CustomerImplementation.Create:	begin Create Customer { CustomerId = 1, CustomerName = ציבי אינהורן, CustomerAddress = נתיבות המשפט 78 מודיעין עילית, CustomerPhone = 0533187618 }
	05/03/2025 20:05:42	Dal.CustomerImplementation.Create:	begin Create Customer { CustomerId = 1, CustomerName = ציבי אינהורן, CustomerAddress = נתיבות המשפט 78 מודיעין עילית, CustomerPhone = 0533187618 }
	05/03/2025 20:11:34	Dal.CustomerImplementation.Create:	begin Create Customer { CustomerId = 1, CustomerName = ציבי אינהורן, CustomerAddress = נתיבות המשפט 78 מודיעין עילית, CustomerPhone = 0533187618 }
	05/03/2025 20:11:45	Dal.CustomerImplementation.Create:	begin Create Customer { CustomerId = 1, CustomerName = ציבי אינהורן, CustomerAddress = נתיבות המשפט 78 מודיעין עילית, CustomerPhone = 0533187618 }
	05/03/2025 20:18:18	Dal.CustomerImplementation.Create:	begin Create Customer { CustomerId = 1, CustomerName = ציבי אינהורן, CustomerAddress = נתיבות המשפט 78 מודיעין עילית, CustomerPhone = 0533187618 }
	05/03/2025 20:18:46	Dal.CustomerImplementation.Create:	begin Create Customer { CustomerId = 1, CustomerName = ציבי אינהורן, CustomerAddress = נתיבות המשפט 78 מודיעין עילית, CustomerPhone = 0533187618 }
	05/03/2025 20:19:43	Dal.CustomerImplementation.Create:	begin Create Customer { CustomerId = 1, CustomerName = ציבי אינהורן, CustomerAddress = נתיבות המשפט 78 מודיעין עילית, CustomerPhone = 0533187618 }
	05/03/2025 20:22:58	Dal.CustomerImplementation.Create:	begin Create Customer { CustomerId = 1, CustomerName = ציבי אינהורן, CustomerAddress = נתיבות המשפט 78 מודיעין עילית, CustomerPhone = 0533187618 }
	05/03/2025 20:22:58	Dal.CustomerImplementation.Create:	end Create Customer { CustomerId = 1, CustomerName = ציבי אינהורן, CustomerAddress = נתיבות המשפט 78 מודיעין עילית, CustomerPhone = 0533187618 }
	05/03/2025 20:22:58	Dal.CustomerImplementation.Create:	begin Create Customer { CustomerId = 3, CustomerName = תמי פל, CustomerAddress = נתיבות המשפט 70 מודיעין עילית, CustomerPhone = 0534193385 }
	05/03/2025 20:22:58	Dal.CustomerImplementation.Create:	end Create Customer { CustomerId = 3, CustomerName = תמי פל, CustomerAddress = נתיבות המשפט 70 מודיעין עילית, CustomerPhone = 0534193385 }
	05/03/2025 20:22:58	Dal.CustomerImplementation.Create:	begin Create Customer { CustomerId = 5, CustomerName = נחמי קרשינסקי, CustomerAddress = הריטבא 6 מודיעין עילית, CustomerPhone = 0556734722 }
	05/03/2025 20:22:58	Dal.CustomerImplementation.Create:	end Create Customer { CustomerId = 5, CustomerName = נחמי קרשינסקי, CustomerAddress = הריטבא 6 מודיעין עילית, CustomerPhone = 0556734722 }
	05/03/2025 20:22:58	Dal.CustomerImplementation.Create:	begin Create Customer { CustomerId = 7, CustomerName = נחמי שורץ, CustomerAddress = הרב מפונוביז 9 מודיעין עילית, CustomerPhone = 0583212449 }
	05/03/2025 20:22:58	Dal.CustomerImplementation.Create:	end Create Customer { CustomerId = 7, CustomerName = נחמי שורץ, CustomerAddress = הרב מפונוביז 9 מודיעין עילית, CustomerPhone = 0583212449 }
	05/03/2025 20:22:58	Dal.CustomerImplementation.Create:	begin Create Customer { CustomerId = 9, CustomerName = טובי קופרמן, CustomerAddress = שערי תשובה 12 מודיעין עילית, CustomerPhone = 0583230387 }
	05/03/2025 20:22:58	Dal.CustomerImplementation.Create:	end Create Customer { CustomerId = 9, CustomerName = טובי קופרמן, CustomerAddress = שערי תשובה 12 מודיעין עילית, CustomerPhone = 0583230387 }
	05/03/2025 20:22:58	Dal.CustomerImplementation.Create:	begin Create Customer { CustomerId = 11, CustomerName = רבקה גליס, CustomerAddress = מסילת יוסף 21 מודיעין עילית, CustomerPhone = 0527161532 }
	05/03/2025 20:22:58	Dal.CustomerImplementation.Create:	end Create Customer { CustomerId = 11, CustomerName = רבקה גליס, CustomerAddress = מסילת יוסף 21 מודיעין עילית, CustomerPhone = 0527161532 }
	05/03/2025 20:23:26	Dal.CustomerImplementation.Create:	begin Create Customer { CustomerId = 1, CustomerName = ציבי אינהורן, CustomerAddress = נתיבות המשפט 78 מודיעין עילית, CustomerPhone = 0533187618 }
	05/03/2025 20:23:26	Dal.CustomerImplementation.Create:	end Create Customer { CustomerId = 1, CustomerName = ציבי אינהורן, CustomerAddress = נתיבות המשפט 78 מודיעין עילית, CustomerPhone = 0533187618 }
	05/03/2025 20:23:26	Dal.CustomerImplementation.Create:	begin Create Customer { CustomerId = 3, CustomerName = תמי פל, CustomerAddress = נתיבות המשפט 70 מודיעין עילית, CustomerPhone = 0534193385 }
	05/03/2025 20:23:26	Dal.CustomerImplementation.Create:	end Create Customer { CustomerId = 3, CustomerName = תמי פל, CustomerAddress = נתיבות המשפט 70 מודיעין עילית, CustomerPhone = 0534193385 }
	05/03/2025 20:23:26	Dal.CustomerImplementation.Create:	begin Create Customer { CustomerId = 5, CustomerName = נחמי קרשינסקי, CustomerAddress = הריטבא 6 מודיעין עילית, CustomerPhone = 0556734722 }
	05/03/2025 20:23:26	Dal.CustomerImplementation.Create:	end Create Customer { CustomerId = 5, CustomerName = נחמי קרשינסקי, CustomerAddress = הריטבא 6 מודיעין עילית, CustomerPhone = 0556734722 }
	05/03/2025 20:23:26	Dal.CustomerImplementation.Create:	begin Create Customer { CustomerId = 7, CustomerName = נחמי שורץ, CustomerAddress = הרב מפונוביז 9 מודיעין עילית, CustomerPhone = 0583212449 }
	05/03/2025 20:23:26	Dal.CustomerImplementation.Create:	end Create Customer { CustomerId = 7, CustomerName = נחמי שורץ, CustomerAddress = הרב מפונוביז 9 מודיעין עילית, CustomerPhone = 0583212449 }
	05/03/2025 20:23:26	Dal.CustomerImplementation.Create:	begin Create Customer { CustomerId = 9, CustomerName = טובי קופרמן, CustomerAddress = שערי תשובה 12 מודיעין עילית, CustomerPhone = 0583230387 }
	05/03/2025 20:23:26	Dal.CustomerImplementation.Create:	end Create Customer { CustomerId = 9, CustomerName = טובי קופרמן, CustomerAddress = שערי תשובה 12 מודיעין עילית, CustomerPhone = 0583230387 }
	05/03/2025 20:23:26	Dal.CustomerImplementation.Create:	begin Create Customer { CustomerId = 11, CustomerName = רבקה גליס, CustomerAddress = מסילת יוסף 21 מודיעין עילית, CustomerPhone = 0527161532 }
	05/03/2025 20:23:26	Dal.CustomerImplementation.Create:	end Create Customer { CustomerId = 11, CustomerName = רבקה גליס, CustomerAddress = מסילת יוסף 21 מודיעין עילית, CustomerPhone = 0527161532 }
	05/03/2025 20:24:24	Dal.CustomerImplementation.Create:	begin Create Customer { CustomerId = 1, CustomerName = ציבי אינהורן, CustomerAddress = נתיבות המשפט 78 מודיעין עילית, CustomerPhone = 0533187618 }
	05/03/2025 20:24:24	Dal.CustomerImplementation.Create:	end Create Customer { CustomerId = 1, CustomerName = ציבי אינהורן, CustomerAddress = נתיבות המשפט 78 מודיעין עילית, CustomerPhone = 0533187618 }
	05/03/2025 20:24:24	Dal.CustomerImplementation.Create:	begin Create Customer { CustomerId = 3, CustomerName = תמי פל, CustomerAddress = נתיבות המשפט 70 מודיעין עילית, CustomerPhone = 0534193385 }
	05/03/2025 20:24:24	Dal.CustomerImplementation.Create:	end Create Customer { CustomerId = 3, CustomerName = תמי פל, CustomerAddress = נתיבות המשפט 70 מודיעין עילית, CustomerPhone = 0534193385 }
	05/03/2025 20:24:24	Dal.CustomerImplementation.Create:	begin Create Customer { CustomerId = 5, CustomerName = נחמי קרשינסקי, CustomerAddress = הריטבא 6 מודיעין עילית, CustomerPhone = 0556734722 }
	05/03/2025 20:24:24	Dal.CustomerImplementation.Create:	end Create Customer { CustomerId = 5, CustomerName = נחמי קרשינסקי, CustomerAddress = הריטבא 6 מודיעין עילית, CustomerPhone = 0556734722 }
	05/03/2025 20:24:24	Dal.CustomerImplementation.Create:	begin Create Customer { CustomerId = 7, CustomerName = נחמי שורץ, CustomerAddress = הרב מפונוביז 9 מודיעין עילית, CustomerPhone = 0583212449 }
	05/03/2025 20:24:24	Dal.CustomerImplementation.Create:	end Create Customer { CustomerId = 7, CustomerName = נחמי שורץ, CustomerAddress = הרב מפונוביז 9 מודיעין עילית, CustomerPhone = 0583212449 }
	05/03/2025 20:24:24	Dal.CustomerImplementation.Create:	begin Create Customer { CustomerId = 9, CustomerName = טובי קופרמן, CustomerAddress = שערי תשובה 12 מודיעין עילית, CustomerPhone = 0583230387 }
	05/03/2025 20:24:24	Dal.CustomerImplementation.Create:	end Create Customer { CustomerId = 9, CustomerName = טובי קופרמן, CustomerAddress = שערי תשובה 12 מודיעין עילית, CustomerPhone = 0583230387 }
	05/03/2025 20:24:24	Dal.CustomerImplementation.Create:	begin Create Customer { CustomerId = 11, CustomerName = רבקה גליס, CustomerAddress = מסילת יוסף 21 מודיעין עילית, CustomerPhone = 0527161532 }
	05/03/2025 20:24:24	Dal.CustomerImplementation.Create:	end Create Customer { CustomerId = 11, CustomerName = רבקה גליס, CustomerAddress = מסילת יוסף 21 מודיעין עילית, CustomerPhone = 0527161532 }
	05/03/2025 20:24:54	Dal.CustomerImplementation.Create:	begin Create Customer { CustomerId = 1, CustomerName = ציבי אינהורן, CustomerAddress = נתיבות המשפט 78 מודיעין עילית, CustomerPhone = 0533187618 }
	05/03/2025 20:25:09	Dal.CustomerImplementation.Create:	end Create Customer { CustomerId = 1, CustomerName = ציבי אינהורן, CustomerAddress = נתיבות המשפט 78 מודיעין עילית, CustomerPhone = 0533187618 }
	05/03/2025 20:25:18	Dal.CustomerImplementation.Create:	begin Create Customer { CustomerId = 3, CustomerName = תמי פל, CustomerAddress = נתיבות המשפט 70 מודיעין עילית, CustomerPhone = 0534193385 }
	05/03/2025 20:25:21	Dal.CustomerImplementation.Create:	end Create Customer { CustomerId = 3, CustomerName = תמי פל, CustomerAddress = נתיבות המשפט 70 מודיעין עילית, CustomerPhone = 0534193385 }
	05/03/2025 20:25:24	Dal.CustomerImplementation.Create:	begin Create Customer { CustomerId = 5, CustomerName = נחמי קרשינסקי, CustomerAddress = הריטבא 6 מודיעין עילית, CustomerPhone = 0556734722 }
	05/03/2025 20:25:24	Dal.CustomerImplementation.Create:	end Create Customer { CustomerId = 5, CustomerName = נחמי קרשינסקי, CustomerAddress = הריטבא 6 מודיעין עילית, CustomerPhone = 0556734722 }
	05/03/2025 20:25:24	Dal.CustomerImplementation.Create:	begin Create Customer { CustomerId = 7, CustomerName = נחמי שורץ, CustomerAddress = הרב מפונוביז 9 מודיעין עילית, CustomerPhone = 0583212449 }
	05/03/2025 20:25:24	Dal.CustomerImplementation.Create:	end Create Customer { CustomerId = 7, CustomerName = נחמי שורץ, CustomerAddress = הרב מפונוביז 9 מודיעין עילית, CustomerPhone = 0583212449 }
	05/03/2025 20:25:24	Dal.CustomerImplementation.Create:	begin Create Customer { CustomerId = 9, CustomerName = טובי קופרמן, CustomerAddress = שערי תשובה 12 מודיעין עילית, CustomerPhone = 0583230387 }
	05/03/2025 20:25:24	Dal.CustomerImplementation.Create:	end Create Customer { CustomerId = 9, CustomerName = טובי קופרמן, CustomerAddress = שערי תשובה 12 מודיעין עילית, CustomerPhone = 0583230387 }
	05/03/2025 20:25:25	Dal.CustomerImplementation.Create:	begin Create Customer { CustomerId = 11, CustomerName = רבקה גליס, CustomerAddress = מסילת יוסף 21 מודיעין עילית, CustomerPhone = 0527161532 }
	05/03/2025 20:25:25	Dal.CustomerImplementation.Create:	end Create Customer { CustomerId = 11, CustomerName = רבקה גליס, CustomerAddress = מסילת יוסף 21 מודיעין עילית, CustomerPhone = 0527161532 }
	05/03/2025 20:26:28	Dal.CustomerImplementation.Create:	begin Create Customer { CustomerId = 1, CustomerName = ציבי אינהורן, CustomerAddress = נתיבות המשפט 78 מודיעין עילית, CustomerPhone = 0533187618 }
	05/03/2025 20:26:28	Dal.CustomerImplementation.Create:	end Create Customer { CustomerId = 1, CustomerName = ציבי אינהורן, CustomerAddress = נתיבות המשפט 78 מודיעין עילית, CustomerPhone = 0533187618 }
	05/03/2025 20:26:28	Dal.CustomerImplementation.Create:	begin Create Customer { CustomerId = 3, CustomerName = תמי פל, CustomerAddress = נתיבות המשפט 70 מודיעין עילית, CustomerPhone = 0534193385 }
	05/03/2025 20:26:28	Dal.CustomerImplementation.Create:	end Create Customer { CustomerId = 3, CustomerName = תמי פל, CustomerAddress = נתיבות המשפט 70 מודיעין עילית, CustomerPhone = 0534193385 }
	05/03/2025 20:26:28	Dal.CustomerImplementation.Create:	begin Create Customer { CustomerId = 5, CustomerName = נחמי קרשינסקי, CustomerAddress = הריטבא 6 מודיעין עילית, CustomerPhone = 0556734722 }
	05/03/2025 20:26:28	Dal.CustomerImplementation.Create:	end Create Customer { CustomerId = 5, CustomerName = נחמי קרשינסקי, CustomerAddress = הריטבא 6 מודיעין עילית, CustomerPhone = 0556734722 }
	05/03/2025 20:26:28	Dal.CustomerImplementation.Create:	begin Create Customer { CustomerId = 7, CustomerName = נחמי שורץ, CustomerAddress = הרב מפונוביז 9 מודיעין עילית, CustomerPhone = 0583212449 }
	05/03/2025 20:26:28	Dal.CustomerImplementation.Create:	end Create Customer { CustomerId = 7, CustomerName = נחמי שורץ, CustomerAddress = הרב מפונוביז 9 מודיעין עילית, CustomerPhone = 0583212449 }
	05/03/2025 20:26:28	Dal.CustomerImplementation.Create:	begin Create Customer { CustomerId = 9, CustomerName = טובי קופרמן, CustomerAddress = שערי תשובה 12 מודיעין עילית, CustomerPhone = 0583230387 }
	05/03/2025 20:26:28	Dal.CustomerImplementation.Create:	end Create Customer { CustomerId = 9, CustomerName = טובי קופרמן, CustomerAddress = שערי תשובה 12 מודיעין עילית, CustomerPhone = 0583230387 }
	05/03/2025 20:26:28	Dal.CustomerImplementation.Create:	begin Create Customer { CustomerId = 11, CustomerName = רבקה גליס, CustomerAddress = מסילת יוסף 21 מודיעין עילית, CustomerPhone = 0527161532 }
	05/03/2025 20:26:28	Dal.CustomerImplementation.Create:	end Create Customer { CustomerId = 11, CustomerName = רבקה גליס, CustomerAddress = מסילת יוסף 21 מודיעין עילית, CustomerPhone = 0527161532 }
	05/03/2025 20:26:53	Dal.CustomerImplementation.Create:	begin Create Customer { CustomerId = 1, CustomerName = ציבי אינהורן, CustomerAddress = נתיבות המשפט 78 מודיעין עילית, CustomerPhone = 0533187618 }
	05/03/2025 20:29:06	Dal.CustomerImplementation.Create:	begin Create Customer { CustomerId = 1, CustomerName = ציבי אינהורן, CustomerAddress = נתיבות המשפט 78 מודיעין עילית, CustomerPhone = 0533187618 }
	05/03/2025 20:33:37	Dal.CustomerImplementation.Create:	begin Create Customer { CustomerId = 1, CustomerName = ציבי אינהורן, CustomerAddress = נתיבות המשפט 78 מודיעין עילית, CustomerPhone = 0533187618 }
	05/03/2025 20:33:37	Dal.CustomerImplementation.Create:	end Create Customer { CustomerId = 1, CustomerName = ציבי אינהורן, CustomerAddress = נתיבות המשפט 78 מודיעין עילית, CustomerPhone = 0533187618 }
	05/03/2025 20:33:37	Dal.CustomerImplementation.Create:	begin Create Customer { CustomerId = 3, CustomerName = תמי פל, CustomerAddress = נתיבות המשפט 70 מודיעין עילית, CustomerPhone = 0534193385 }
	05/03/2025 20:33:37	Dal.CustomerImplementation.Create:	end Create Customer { CustomerId = 3, CustomerName = תמי פל, CustomerAddress = נתיבות המשפט 70 מודיעין עילית, CustomerPhone = 0534193385 }
	05/03/2025 20:33:37	Dal.CustomerImplementation.Create:	begin Create Customer { CustomerId = 5, CustomerName = נחמי קרשינסקי, CustomerAddress = הריטבא 6 מודיעין עילית, CustomerPhone = 0556734722 }
	05/03/2025 20:33:37	Dal.CustomerImplementation.Create:	end Create Customer { CustomerId = 5, CustomerName = נחמי קרשינסקי, CustomerAddress = הריטבא 6 מודיעין עילית, CustomerPhone = 0556734722 }
	05/03/2025 20:33:37	Dal.CustomerImplementation.Create:	begin Create Customer { CustomerId = 7, CustomerName = נחמי שורץ, CustomerAddress = הרב מפונוביז 9 מודיעין עילית, CustomerPhone = 0583212449 }
	05/03/2025 20:33:37	Dal.CustomerImplementation.Create:	end Create Customer { CustomerId = 7, CustomerName = נחמי שורץ, CustomerAddress = הרב מפונוביז 9 מודיעין עילית, CustomerPhone = 0583212449 }
	05/03/2025 20:33:37	Dal.CustomerImplementation.Create:	begin Create Customer { CustomerId = 9, CustomerName = טובי קופרמן, CustomerAddress = שערי תשובה 12 מודיעין עילית, CustomerPhone = 0583230387 }
	05/03/2025 20:33:37	Dal.CustomerImplementation.Create:	end Create Customer { CustomerId = 9, CustomerName = טובי קופרמן, CustomerAddress = שערי תשובה 12 מודיעין עילית, CustomerPhone = 0583230387 }
	05/03/2025 20:33:37	Dal.CustomerImplementation.Create:	begin Create Customer { CustomerId = 11, CustomerName = רבקה גליס, CustomerAddress = מסילת יוסף 21 מודיעין עילית, CustomerPhone = 0527161532 }
	05/03/2025 20:33:37	Dal.CustomerImplementation.Create:	end Create Customer { CustomerId = 11, CustomerName = רבקה גליס, CustomerAddress = מסילת יוסף 21 מודיעין עילית, CustomerPhone = 0527161532 }
	05/03/2025 20:34:13	Dal.CustomerImplementation.Create:	begin Create Customer { CustomerId = 1, CustomerName = ציבי אינהורן, CustomerAddress = נתיבות המשפט 78 מודיעין עילית, CustomerPhone = 0533187618 }
	05/03/2025 20:34:21	Dal.CustomerImplementation.Create:	-----------------error: This ID is already in the customer list-----------------
	05/03/2025 20:35:23	Dal.CustomerImplementation.Create:	begin Create Customer { CustomerId = 1, CustomerName = ציבי אינהורן, CustomerAddress = נתיבות המשפט 78 מודיעין עילית, CustomerPhone = 0533187618 }
	05/03/2025 20:35:23	Dal.CustomerImplementation.Create:	end Create Customer { CustomerId = 1, CustomerName = ציבי אינהורן, CustomerAddress = נתיבות המשפט 78 מודיעין עילית, CustomerPhone = 0533187618 }
	05/03/2025 20:35:23	Dal.CustomerImplementation.Create:	begin Create Customer { CustomerId = 3, CustomerName = תמי פל, CustomerAddress = נתיבות המשפט 70 מודיעין עילית, CustomerPhone = 0534193385 }
	05/03/2025 20:35:23	Dal.CustomerImplementation.Create:	end Create Customer { CustomerId = 3, CustomerName = תמי פל, CustomerAddress = נתיבות המשפט 70 מודיעין עילית, CustomerPhone = 0534193385 }
	05/03/2025 20:35:23	Dal.CustomerImplementation.Create:	begin Create Customer { CustomerId = 5, CustomerName = נחמי קרשינסקי, CustomerAddress = הריטבא 6 מודיעין עילית, CustomerPhone = 0556734722 }
	05/03/2025 20:35:24	Dal.CustomerImplementation.Create:	end Create Customer { CustomerId = 5, CustomerName = נחמי קרשינסקי, CustomerAddress = הריטבא 6 מודיעין עילית, CustomerPhone = 0556734722 }
	05/03/2025 20:35:24	Dal.CustomerImplementation.Create:	begin Create Customer { CustomerId = 7, CustomerName = נחמי שורץ, CustomerAddress = הרב מפונוביז 9 מודיעין עילית, CustomerPhone = 0583212449 }
	05/03/2025 20:35:24	Dal.CustomerImplementation.Create:	end Create Customer { CustomerId = 7, CustomerName = נחמי שורץ, CustomerAddress = הרב מפונוביז 9 מודיעין עילית, CustomerPhone = 0583212449 }
	05/03/2025 20:35:25	Dal.CustomerImplementation.Create:	begin Create Customer { CustomerId = 9, CustomerName = טובי קופרמן, CustomerAddress = שערי תשובה 12 מודיעין עילית, CustomerPhone = 0583230387 }
	05/03/2025 20:35:25	Dal.CustomerImplementation.Create:	end Create Customer { CustomerId = 9, CustomerName = טובי קופרמן, CustomerAddress = שערי תשובה 12 מודיעין עילית, CustomerPhone = 0583230387 }
	05/03/2025 20:35:25	Dal.CustomerImplementation.Create:	begin Create Customer { CustomerId = 11, CustomerName = רבקה גליס, CustomerAddress = מסילת יוסף 21 מודיעין עילית, CustomerPhone = 0527161532 }
	05/03/2025 20:35:25	Dal.CustomerImplementation.Create:	end Create Customer { CustomerId = 11, CustomerName = רבקה גליס, CustomerAddress = מסילת יוסף 21 מודיעין עילית, CustomerPhone = 0527161532 }
	05/03/2025 20:35:48	Dal.CustomerImplementation.Create:	begin Create Customer { CustomerId = 1, CustomerName = ציבי אינהורן, CustomerAddress = נתיבות המשפט 78 מודיעין עילית, CustomerPhone = 0533187618 }
	05/03/2025 20:35:48	Dal.CustomerImplementation.Create:	-----------------error: This ID is already in the customer list-----------------
	05/03/2025 20:36:04	Dal.CustomerImplementation.Create:	begin Create Customer { CustomerId = 1, CustomerName = ציבי אינהורן, CustomerAddress = נתיבות המשפט 78 מודיעין עילית, CustomerPhone = 0533187618 }
	05/03/2025 20:36:04	Dal.CustomerImplementation.Create:	-----------------error: This ID is already in the customer list-----------------
	05/03/2025 20:37:10	Dal.CustomerImplementation.Create:	begin Create Customer { CustomerId = 1, CustomerName = ציבי אינהורן, CustomerAddress = נתיבות המשפט 78 מודיעין עילית, CustomerPhone = 0533187618 }
	05/03/2025 20:37:10	Dal.CustomerImplementation.Create:	end Create Customer { CustomerId = 1, CustomerName = ציבי אינהורן, CustomerAddress = נתיבות המשפט 78 מודיעין עילית, CustomerPhone = 0533187618 }
	05/03/2025 20:37:10	Dal.CustomerImplementation.Create:	begin Create Customer { CustomerId = 3, CustomerName = תמי פל, CustomerAddress = נתיבות המשפט 70 מודיעין עילית, CustomerPhone = 0534193385 }
	05/03/2025 20:37:10	Dal.CustomerImplementation.Create:	end Create Customer { CustomerId = 3, CustomerName = תמי פל, CustomerAddress = נתיבות המשפט 70 מודיעין עילית, CustomerPhone = 0534193385 }
	05/03/2025 20:37:10	Dal.CustomerImplementation.Create:	begin Create Customer { CustomerId = 5, CustomerName = נחמי קרשינסקי, CustomerAddress = הריטבא 6 מודיעין עילית, CustomerPhone = 0556734722 }
	05/03/2025 20:37:10	Dal.CustomerImplementation.Create:	end Create Customer { CustomerId = 5, CustomerName = נחמי קרשינסקי, CustomerAddress = הריטבא 6 מודיעין עילית, CustomerPhone = 0556734722 }
	05/03/2025 20:37:10	Dal.CustomerImplementation.Create:	begin Create Customer { CustomerId = 7, CustomerName = נחמי שורץ, CustomerAddress = הרב מפונוביז 9 מודיעין עילית, CustomerPhone = 0583212449 }
	05/03/2025 20:37:10	Dal.CustomerImplementation.Create:	end Create Customer { CustomerId = 7, CustomerName = נחמי שורץ, CustomerAddress = הרב מפונוביז 9 מודיעין עילית, CustomerPhone = 0583212449 }
	05/03/2025 20:37:10	Dal.CustomerImplementation.Create:	begin Create Customer { CustomerId = 9, CustomerName = טובי קופרמן, CustomerAddress = שערי תשובה 12 מודיעין עילית, CustomerPhone = 0583230387 }
	05/03/2025 20:37:10	Dal.CustomerImplementation.Create:	end Create Customer { CustomerId = 9, CustomerName = טובי קופרמן, CustomerAddress = שערי תשובה 12 מודיעין עילית, CustomerPhone = 0583230387 }
	05/03/2025 20:37:10	Dal.CustomerImplementation.Create:	begin Create Customer { CustomerId = 11, CustomerName = רבקה גליס, CustomerAddress = מסילת יוסף 21 מודיעין עילית, CustomerPhone = 0527161532 }
	05/03/2025 20:37:10	Dal.CustomerImplementation.Create:	end Create Customer { CustomerId = 11, CustomerName = רבקה גליס, CustomerAddress = מסילת יוסף 21 מודיעין עילית, CustomerPhone = 0527161532 }
	05/03/2025 20:38:07	Dal.CustomerImplementation.Create:	begin Create Customer { CustomerId = 1, CustomerName = ציבי אינהורן, CustomerAddress = נתיבות המשפט 78 מודיעין עילית, CustomerPhone = 0533187618 }
	05/03/2025 20:38:07	Dal.CustomerImplementation.Create:	end Create Customer { CustomerId = 1, CustomerName = ציבי אינהורן, CustomerAddress = נתיבות המשפט 78 מודיעין עילית, CustomerPhone = 0533187618 }
	05/03/2025 20:38:07	Dal.CustomerImplementation.Create:	begin Create Customer { CustomerId = 3, CustomerName = תמי פל, CustomerAddress = נתיבות המשפט 70 מודיעין עילית, CustomerPhone = 0534193385 }
	05/03/2025 20:38:07	Dal.CustomerImplementation.Create:	end Create Customer { CustomerId = 3, CustomerName = תמי פל, CustomerAddress = נתיבות המשפט 70 מודיעין עילית, CustomerPhone = 0534193385 }
	05/03/2025 20:38:07	Dal.CustomerImplementation.Create:	begin Create Customer { CustomerId = 5, CustomerName = נחמי קרשינסקי, CustomerAddress = הריטבא 6 מודיעין עילית, CustomerPhone = 0556734722 }
	05/03/2025 20:38:07	Dal.CustomerImplementation.Create:	end Create Customer { CustomerId = 5, CustomerName = נחמי קרשינסקי, CustomerAddress = הריטבא 6 מודיעין עילית, CustomerPhone = 0556734722 }
	05/03/2025 20:38:07	Dal.CustomerImplementation.Create:	begin Create Customer { CustomerId = 7, CustomerName = נחמי שורץ, CustomerAddress = הרב מפונוביז 9 מודיעין עילית, CustomerPhone = 0583212449 }
	05/03/2025 20:38:07	Dal.CustomerImplementation.Create:	end Create Customer { CustomerId = 7, CustomerName = נחמי שורץ, CustomerAddress = הרב מפונוביז 9 מודיעין עילית, CustomerPhone = 0583212449 }
	05/03/2025 20:38:07	Dal.CustomerImplementation.Create:	begin Create Customer { CustomerId = 9, CustomerName = טובי קופרמן, CustomerAddress = שערי תשובה 12 מודיעין עילית, CustomerPhone = 0583230387 }
	05/03/2025 20:38:07	Dal.CustomerImplementation.Create:	end Create Customer { CustomerId = 9, CustomerName = טובי קופרמן, CustomerAddress = שערי תשובה 12 מודיעין עילית, CustomerPhone = 0583230387 }
	05/03/2025 20:38:07	Dal.CustomerImplementation.Create:	begin Create Customer { CustomerId = 11, CustomerName = רבקה גליס, CustomerAddress = מסילת יוסף 21 מודיעין עילית, CustomerPhone = 0527161532 }
	05/03/2025 20:38:07	Dal.CustomerImplementation.Create:	end Create Customer { CustomerId = 11, CustomerName = רבקה גליס, CustomerAddress = מסילת יוסף 21 מודיעין עילית, CustomerPhone = 0527161532 }
	05/03/2025 20:39:48	Dal.CustomerImplementation.Create:	begin Create Customer { CustomerId = 1, CustomerName = ציבי אינהורן, CustomerAddress = נתיבות המשפט 78 מודיעין עילית, CustomerPhone = 0533187618 }
	05/03/2025 20:39:48	Dal.CustomerImplementation.Create:	-----------------error: This ID is already in the customer list-----------------
	05/03/2025 20:57:04	Dal.ProductImplementation.Create:	begin create Product { ProdId = 0, ProdName = תשע לפנות בוקר, ProdCategory = מבוגר, Price = 65, Quantity = 100 }
	05/03/2025 20:58:11	Dal.ProductImplementation.Create:	begin create Product { ProdId = 0, ProdName = תשע לפנות בוקר, ProdCategory = מבוגר, Price = 65, Quantity = 100 }
	05/03/2025 21:00:26	Dal.ProductImplementation.Create:	begin create Product { ProdId = 0, ProdName = תשע לפנות בוקר, ProdCategory = מבוגר, Price = 65, Quantity = 100 }
	05/03/2025 21:02:03	Dal.ProductImplementation.Create:	begin create Product { ProdId = 0, ProdName = תשע לפנות בוקר, ProdCategory = מבוגר, Price = 65, Quantity = 100 }
	05/03/2025 21:02:15	Dal.ProductImplementation.Create:	end create Product { ProdId = 1, ProdName = תשע לפנות בוקר, ProdCategory = מבוגר, Price = 65, Quantity = 100 }
	05/03/2025 21:02:25	Dal.ProductImplementation.Create:	begin create Product { ProdId = 0, ProdName = תשע לפנות בוקר, ProdCategory = מבוגר, Price = 65, Quantity = 100 }
	05/03/2025 21:02:25	Dal.ProductImplementation.Create:	end create Product { ProdId = 1, ProdName = תשע לפנות בוקר, ProdCategory = מבוגר, Price = 65, Quantity = 100 }
	05/03/2025 21:02:25	Dal.ProductImplementation.Create:	begin create Product { ProdId = 0, ProdName = אנוכי מבקש, ProdCategory = מבוגר, Price = 50, Quantity = 10 }
	05/03/2025 21:02:25	Dal.ProductImplementation.Create:	end create Product { ProdId = 1, ProdName = אנוכי מבקש, ProdCategory = מבוגר, Price = 50, Quantity = 10 }
	05/03/2025 21:02:25	Dal.ProductImplementation.Create:	begin create Product { ProdId = 0, ProdName = המשגיח, ProdCategory = ביוגרפיה, Price = 80, Quantity = 15 }
	05/03/2025 21:02:25	Dal.ProductImplementation.Create:	end create Product { ProdId = 1, ProdName = המשגיח, ProdCategory = ביוגרפיה, Price = 80, Quantity = 15 }
	05/03/2025 21:02:25	Dal.ProductImplementation.Create:	begin create Product { ProdId = 0, ProdName = מסומן, ProdCategory = מבוגר, Price = 50, Quantity = 12 }
	05/03/2025 21:02:25	Dal.ProductImplementation.Create:	end create Product { ProdId = 1, ProdName = מסומן, ProdCategory = מבוגר, Price = 50, Quantity = 12 }
	05/03/2025 21:02:25	Dal.ProductImplementation.Create:	begin create Product { ProdId = 0, ProdName = נחוחות המאפה, ProdCategory = מתכונים, Price = 30, Quantity = 0 }
	05/03/2025 21:02:25	Dal.ProductImplementation.Create:	end create Product { ProdId = 1, ProdName = נחוחות המאפה, ProdCategory = מתכונים, Price = 30, Quantity = 0 }
	05/03/2025 21:02:25	Dal.ProductImplementation.Create:	begin create Product { ProdId = 0, ProdName = דודי ואודי, ProdCategory = קומיקס, Price = 40, Quantity = 30 }
	05/03/2025 21:02:25	Dal.ProductImplementation.Create:	end create Product { ProdId = 1, ProdName = דודי ואודי, ProdCategory = קומיקס, Price = 40, Quantity = 30 }
	05/03/2025 21:02:25	Dal.ProductImplementation.Create:	begin create Product { ProdId = 0, ProdName = חלונות אור, ProdCategory = נוער, Price = 40, Quantity = 35 }
	05/03/2025 21:02:25	Dal.ProductImplementation.Create:	end create Product { ProdId = 1, ProdName = חלונות אור, ProdCategory = נוער, Price = 40, Quantity = 35 }
	05/03/2025 21:04:39	Dal.ProductImplementation.Create:	begin create Product { ProdId = 0, ProdName = תשע לפנות בוקר, ProdCategory = מבוגר, Price = 65, Quantity = 100 }
	05/03/2025 21:04:39	Dal.ProductImplementation.Create:	end create Product { ProdId = 1, ProdName = תשע לפנות בוקר, ProdCategory = מבוגר, Price = 65, Quantity = 100 }
	05/03/2025 21:04:39	Dal.ProductImplementation.Create:	begin create Product { ProdId = 0, ProdName = אנוכי מבקש, ProdCategory = מבוגר, Price = 50, Quantity = 10 }
	05/03/2025 21:04:39	Dal.ProductImplementation.Create:	end create Product { ProdId = 1, ProdName = אנוכי מבקש, ProdCategory = מבוגר, Price = 50, Quantity = 10 }
	05/03/2025 21:04:39	Dal.ProductImplementation.Create:	begin create Product { ProdId = 0, ProdName = המשגיח, ProdCategory = ביוגרפיה, Price = 80, Quantity = 15 }
	05/03/2025 21:04:39	Dal.ProductImplementation.Create:	end create Product { ProdId = 1, ProdName = המשגיח, ProdCategory = ביוגרפיה, Price = 80, Quantity = 15 }
	05/03/2025 21:04:39	Dal.ProductImplementation.Create:	begin create Product { ProdId = 0, ProdName = מסומן, ProdCategory = מבוגר, Price = 50, Quantity = 12 }
	05/03/2025 21:04:39	Dal.ProductImplementation.Create:	end create Product { ProdId = 1, ProdName = מסומן, ProdCategory = מבוגר, Price = 50, Quantity = 12 }
	05/03/2025 21:04:39	Dal.ProductImplementation.Create:	begin create Product { ProdId = 0, ProdName = נחוחות המאפה, ProdCategory = מתכונים, Price = 30, Quantity = 0 }
	05/03/2025 21:04:39	Dal.ProductImplementation.Create:	end create Product { ProdId = 1, ProdName = נחוחות המאפה, ProdCategory = מתכונים, Price = 30, Quantity = 0 }
	05/03/2025 21:04:39	Dal.ProductImplementation.Create:	begin create Product { ProdId = 0, ProdName = דודי ואודי, ProdCategory = קומיקס, Price = 40, Quantity = 30 }
	05/03/2025 21:04:39	Dal.ProductImplementation.Create:	end create Product { ProdId = 1, ProdName = דודי ואודי, ProdCategory = קומיקס, Price = 40, Quantity = 30 }
	05/03/2025 21:04:39	Dal.ProductImplementation.Create:	begin create Product { ProdId = 0, ProdName = חלונות אור, ProdCategory = נוער, Price = 40, Quantity = 35 }
	05/03/2025 21:04:39	Dal.ProductImplementation.Create:	end create Product { ProdId = 1, ProdName = חלונות אור, ProdCategory = נוער, Price = 40, Quantity = 35 }
	05/03/2025 21:04:39	Dal.SaleImplementation.Create:	begin create Sale { SaleId = 0, ProdId = 4, QuentityForSale = 1, TotalPriceSale = 20, IsAllCustomer = False, StartDate = 05/03/2025 21:04:39, EndDate = 20/05/2025 00:00:00 }
	05/03/2025 21:05:46	Dal.ProductImplementation.Create:	begin create Product { ProdId = 0, ProdName = תשע לפנות בוקר, ProdCategory = מבוגר, Price = 65, Quantity = 100 }
	05/03/2025 21:05:47	Dal.ProductImplementation.Create:	end create Product { ProdId = 1, ProdName = תשע לפנות בוקר, ProdCategory = מבוגר, Price = 65, Quantity = 100 }
	05/03/2025 21:05:49	Dal.ProductImplementation.Create:	begin create Product { ProdId = 0, ProdName = אנוכי מבקש, ProdCategory = מבוגר, Price = 50, Quantity = 10 }
	05/03/2025 21:05:49	Dal.ProductImplementation.Create:	end create Product { ProdId = 1, ProdName = אנוכי מבקש, ProdCategory = מבוגר, Price = 50, Quantity = 10 }
	05/03/2025 21:05:49	Dal.ProductImplementation.Create:	begin create Product { ProdId = 0, ProdName = המשגיח, ProdCategory = ביוגרפיה, Price = 80, Quantity = 15 }
	05/03/2025 21:05:49	Dal.ProductImplementation.Create:	end create Product { ProdId = 1, ProdName = המשגיח, ProdCategory = ביוגרפיה, Price = 80, Quantity = 15 }
	05/03/2025 21:05:50	Dal.ProductImplementation.Create:	begin create Product { ProdId = 0, ProdName = מסומן, ProdCategory = מבוגר, Price = 50, Quantity = 12 }
	05/03/2025 21:05:50	Dal.ProductImplementation.Create:	end create Product { ProdId = 1, ProdName = מסומן, ProdCategory = מבוגר, Price = 50, Quantity = 12 }
	05/03/2025 21:05:50	Dal.ProductImplementation.Create:	begin create Product { ProdId = 0, ProdName = נחוחות המאפה, ProdCategory = מתכונים, Price = 30, Quantity = 0 }
	05/03/2025 21:05:50	Dal.ProductImplementation.Create:	end create Product { ProdId = 1, ProdName = נחוחות המאפה, ProdCategory = מתכונים, Price = 30, Quantity = 0 }
	05/03/2025 21:05:50	Dal.ProductImplementation.Create:	begin create Product { ProdId = 0, ProdName = דודי ואודי, ProdCategory = קומיקס, Price = 40, Quantity = 30 }
	05/03/2025 21:05:50	Dal.ProductImplementation.Create:	end create Product { ProdId = 1, ProdName = דודי ואודי, ProdCategory = קומיקס, Price = 40, Quantity = 30 }
	05/03/2025 21:05:50	Dal.ProductImplementation.Create:	begin create Product { ProdId = 0, ProdName = חלונות אור, ProdCategory = נוער, Price = 40, Quantity = 35 }
	05/03/2025 21:05:50	Dal.ProductImplementation.Create:	end create Product { ProdId = 1, ProdName = חלונות אור, ProdCategory = נוער, Price = 40, Quantity = 35 }
	05/03/2025 21:05:59	Dal.SaleImplementation.Create:	begin create Sale { SaleId = 0, ProdId = 4, QuentityForSale = 1, TotalPriceSale = 20, IsAllCustomer = False, StartDate = 05/03/2025 21:05:59, EndDate = 20/05/2025 00:00:00 }
	05/03/2025 21:07:25	Dal.ProductImplementation.Create:	begin create Product { ProdId = 0, ProdName = תשע לפנות בוקר, ProdCategory = מבוגר, Price = 65, Quantity = 100 }
	05/03/2025 21:07:25	Dal.ProductImplementation.Create:	end create Product { ProdId = 1, ProdName = תשע לפנות בוקר, ProdCategory = מבוגר, Price = 65, Quantity = 100 }
	05/03/2025 21:07:25	Dal.ProductImplementation.Create:	begin create Product { ProdId = 0, ProdName = אנוכי מבקש, ProdCategory = מבוגר, Price = 50, Quantity = 10 }
	05/03/2025 21:07:25	Dal.ProductImplementation.Create:	end create Product { ProdId = 1, ProdName = אנוכי מבקש, ProdCategory = מבוגר, Price = 50, Quantity = 10 }
	05/03/2025 21:07:25	Dal.ProductImplementation.Create:	begin create Product { ProdId = 0, ProdName = המשגיח, ProdCategory = ביוגרפיה, Price = 80, Quantity = 15 }
	05/03/2025 21:07:25	Dal.ProductImplementation.Create:	end create Product { ProdId = 1, ProdName = המשגיח, ProdCategory = ביוגרפיה, Price = 80, Quantity = 15 }
	05/03/2025 21:07:25	Dal.ProductImplementation.Create:	begin create Product { ProdId = 0, ProdName = מסומן, ProdCategory = מבוגר, Price = 50, Quantity = 12 }
	05/03/2025 21:07:25	Dal.ProductImplementation.Create:	end create Product { ProdId = 1, ProdName = מסומן, ProdCategory = מבוגר, Price = 50, Quantity = 12 }
	05/03/2025 21:07:25	Dal.ProductImplementation.Create:	begin create Product { ProdId = 0, ProdName = נחוחות המאפה, ProdCategory = מתכונים, Price = 30, Quantity = 0 }
	05/03/2025 21:07:25	Dal.ProductImplementation.Create:	end create Product { ProdId = 1, ProdName = נחוחות המאפה, ProdCategory = מתכונים, Price = 30, Quantity = 0 }
	05/03/2025 21:07:25	Dal.ProductImplementation.Create:	begin create Product { ProdId = 0, ProdName = דודי ואודי, ProdCategory = קומיקס, Price = 40, Quantity = 30 }
	05/03/2025 21:07:25	Dal.ProductImplementation.Create:	end create Product { ProdId = 1, ProdName = דודי ואודי, ProdCategory = קומיקס, Price = 40, Quantity = 30 }
	05/03/2025 21:07:25	Dal.ProductImplementation.Create:	begin create Product { ProdId = 0, ProdName = חלונות אור, ProdCategory = נוער, Price = 40, Quantity = 35 }
	05/03/2025 21:07:25	Dal.ProductImplementation.Create:	end create Product { ProdId = 1, ProdName = חלונות אור, ProdCategory = נוער, Price = 40, Quantity = 35 }
	05/03/2025 21:07:25	Dal.SaleImplementation.Create:	begin create Sale { SaleId = 0, ProdId = 4, QuentityForSale = 1, TotalPriceSale = 20, IsAllCustomer = False, StartDate = 05/03/2025 21:07:25, EndDate = 20/05/2025 00:00:00 }
	05/03/2025 21:07:25	Dal.SaleImplementation.Create:	end create Sale { SaleId = 1, ProdId = 4, QuentityForSale = 1, TotalPriceSale = 20, IsAllCustomer = False, StartDate = 05/03/2025 21:07:25, EndDate = 20/05/2025 00:00:00 }
	05/03/2025 21:07:25	Dal.SaleImplementation.Create:	begin create Sale { SaleId = 0, ProdId = 5, QuentityForSale = 2, TotalPriceSale = 20, IsAllCustomer = True, StartDate = 05/03/2025 21:07:25, EndDate = 20/05/2025 00:00:00 }
	05/03/2025 21:07:25	Dal.SaleImplementation.Create:	end create Sale { SaleId = 1, ProdId = 5, QuentityForSale = 2, TotalPriceSale = 20, IsAllCustomer = True, StartDate = 05/03/2025 21:07:25, EndDate = 20/05/2025 00:00:00 }
	05/03/2025 21:07:25	Dal.SaleImplementation.Create:	begin create Sale { SaleId = 0, ProdId = 3, QuentityForSale = 1, TotalPriceSale = 20, IsAllCustomer = True, StartDate = 05/03/2025 21:07:25, EndDate = 20/05/2025 00:00:00 }
	05/03/2025 21:07:25	Dal.SaleImplementation.Create:	end create Sale { SaleId = 1, ProdId = 3, QuentityForSale = 1, TotalPriceSale = 20, IsAllCustomer = True, StartDate = 05/03/2025 21:07:25, EndDate = 20/05/2025 00:00:00 }
	05/03/2025 21:07:25	Dal.SaleImplementation.Create:	begin create Sale { SaleId = 0, ProdId = 6, QuentityForSale = 3, TotalPriceSale = 40, IsAllCustomer = True, StartDate = 05/03/2025 21:07:25, EndDate = 20/05/2025 00:00:00 }
	05/03/2025 21:07:25	Dal.SaleImplementation.Create:	end create Sale { SaleId = 1, ProdId = 6, QuentityForSale = 3, TotalPriceSale = 40, IsAllCustomer = True, StartDate = 05/03/2025 21:07:25, EndDate = 20/05/2025 00:00:00 }
	05/03/2025 21:07:25	Dal.SaleImplementation.Create:	begin create Sale { SaleId = 0, ProdId = 1, QuentityForSale = 4, TotalPriceSale = 30, IsAllCustomer = True, StartDate = 05/03/2025 21:07:25, EndDate = 20/05/2025 00:00:00 }
	05/03/2025 21:07:26	Dal.SaleImplementation.Create:	end create Sale { SaleId = 1, ProdId = 1, QuentityForSale = 4, TotalPriceSale = 30, IsAllCustomer = True, StartDate = 05/03/2025 21:07:25, EndDate = 20/05/2025 00:00:00 }
	05/03/2025 21:07:26	Dal.SaleImplementation.Create:	begin create Sale { SaleId = 0, ProdId = 1, QuentityForSale = 2, TotalPriceSale = 20, IsAllCustomer = True, StartDate = 05/03/2025 21:07:26, EndDate = 20/05/2025 00:00:00 }
	05/03/2025 21:07:26	Dal.SaleImplementation.Create:	end create Sale { SaleId = 1, ProdId = 1, QuentityForSale = 2, TotalPriceSale = 20, IsAllCustomer = True, StartDate = 05/03/2025 21:07:26, EndDate = 20/05/2025 00:00:00 }
	05/03/2025 21:07:26	Dal.SaleImplementation.Create:	begin create Sale { SaleId = 0, ProdId = 1, QuentityForSale = 5, TotalPriceSale = 50, IsAllCustomer = True, StartDate = 05/03/2025 21:07:26, EndDate = 20/05/2025 00:00:00 }
	05/03/2025 21:07:26	Dal.SaleImplementation.Create:	end create Sale { SaleId = 1, ProdId = 1, QuentityForSale = 5, TotalPriceSale = 50, IsAllCustomer = True, StartDate = 05/03/2025 21:07:26, EndDate = 20/05/2025 00:00:00 }
	05/03/2025 21:07:26	Dal.SaleImplementation.Create:	begin create Sale { SaleId = 0, ProdId = 1, QuentityForSale = 8, TotalPriceSale = 40, IsAllCustomer = True, StartDate = 05/03/2025 21:07:26, EndDate = 20/05/2025 00:00:00 }
	05/03/2025 21:07:26	Dal.SaleImplementation.Create:	end create Sale { SaleId = 1, ProdId = 1, QuentityForSale = 8, TotalPriceSale = 40, IsAllCustomer = True, StartDate = 05/03/2025 21:07:26, EndDate = 20/05/2025 00:00:00 }
	05/03/2025 21:07:26	Dal.SaleImplementation.Create:	begin create Sale { SaleId = 0, ProdId = 1, QuentityForSale = 4, TotalPriceSale = 30, IsAllCustomer = True, StartDate = 05/03/2025 21:07:26, EndDate = 20/05/2025 00:00:00 }
	05/03/2025 21:07:26	Dal.SaleImplementation.Create:	end create Sale { SaleId = 1, ProdId = 1, QuentityForSale = 4, TotalPriceSale = 30, IsAllCustomer = True, StartDate = 05/03/2025 21:07:26, EndDate = 20/05/2025 00:00:00 }
	05/03/2025 21:07:26	Dal.SaleImplementation.Create:	begin create Sale { SaleId = 0, ProdId = 2, QuentityForSale = 1, TotalPriceSale = 30, IsAllCustomer = True, StartDate = 05/03/2025 21:07:26, EndDate = 05/03/2025 21:07:26 }
	05/03/2025 21:07:26	Dal.SaleImplementation.Create:	end create Sale { SaleId = 1, ProdId = 2, QuentityForSale = 1, TotalPriceSale = 30, IsAllCustomer = True, StartDate = 05/03/2025 21:07:26, EndDate = 05/03/2025 21:07:26 }
	05/03/2025 21:07:48	Dal.ProductImplementation.Create:	begin create Product { ProdId = 0, ProdName = תשע לפנות בוקר, ProdCategory = מבוגר, Price = 65, Quantity = 100 }
	05/03/2025 21:07:49	Dal.ProductImplementation.Create:	end create Product { ProdId = 1, ProdName = תשע לפנות בוקר, ProdCategory = מבוגר, Price = 65, Quantity = 100 }
	05/03/2025 21:07:49	Dal.ProductImplementation.Create:	begin create Product { ProdId = 0, ProdName = אנוכי מבקש, ProdCategory = מבוגר, Price = 50, Quantity = 10 }
	05/03/2025 21:07:49	Dal.ProductImplementation.Create:	end create Product { ProdId = 1, ProdName = אנוכי מבקש, ProdCategory = מבוגר, Price = 50, Quantity = 10 }
	05/03/2025 21:07:49	Dal.ProductImplementation.Create:	begin create Product { ProdId = 0, ProdName = המשגיח, ProdCategory = ביוגרפיה, Price = 80, Quantity = 15 }
	05/03/2025 21:07:49	Dal.ProductImplementation.Create:	end create Product { ProdId = 1, ProdName = המשגיח, ProdCategory = ביוגרפיה, Price = 80, Quantity = 15 }
	05/03/2025 21:07:49	Dal.ProductImplementation.Create:	begin create Product { ProdId = 0, ProdName = מסומן, ProdCategory = מבוגר, Price = 50, Quantity = 12 }
	05/03/2025 21:07:49	Dal.ProductImplementation.Create:	end create Product { ProdId = 1, ProdName = מסומן, ProdCategory = מבוגר, Price = 50, Quantity = 12 }
	05/03/2025 21:07:49	Dal.ProductImplementation.Create:	begin create Product { ProdId = 0, ProdName = נחוחות המאפה, ProdCategory = מתכונים, Price = 30, Quantity = 0 }
	05/03/2025 21:07:49	Dal.ProductImplementation.Create:	end create Product { ProdId = 1, ProdName = נחוחות המאפה, ProdCategory = מתכונים, Price = 30, Quantity = 0 }
	05/03/2025 21:07:49	Dal.ProductImplementation.Create:	begin create Product { ProdId = 0, ProdName = דודי ואודי, ProdCategory = קומיקס, Price = 40, Quantity = 30 }
	05/03/2025 21:07:49	Dal.ProductImplementation.Create:	end create Product { ProdId = 1, ProdName = דודי ואודי, ProdCategory = קומיקס, Price = 40, Quantity = 30 }
	05/03/2025 21:07:49	Dal.ProductImplementation.Create:	begin create Product { ProdId = 0, ProdName = חלונות אור, ProdCategory = נוער, Price = 40, Quantity = 35 }
	05/03/2025 21:07:49	Dal.ProductImplementation.Create:	end create Product { ProdId = 1, ProdName = חלונות אור, ProdCategory = נוער, Price = 40, Quantity = 35 }
	05/03/2025 21:07:49	Dal.SaleImplementation.Create:	begin create Sale { SaleId = 0, ProdId = 4, QuentityForSale = 1, TotalPriceSale = 20, IsAllCustomer = False, StartDate = 05/03/2025 21:07:49, EndDate = 20/05/2025 00:00:00 }
	05/03/2025 21:07:49	Dal.SaleImplementation.Create:	end create Sale { SaleId = 1, ProdId = 4, QuentityForSale = 1, TotalPriceSale = 20, IsAllCustomer = False, StartDate = 05/03/2025 21:07:49, EndDate = 20/05/2025 00:00:00 }
	05/03/2025 21:07:49	Dal.SaleImplementation.Create:	begin create Sale { SaleId = 0, ProdId = 5, QuentityForSale = 2, TotalPriceSale = 20, IsAllCustomer = True, StartDate = 05/03/2025 21:07:49, EndDate = 20/05/2025 00:00:00 }
	05/03/2025 21:07:49	Dal.SaleImplementation.Create:	end create Sale { SaleId = 1, ProdId = 5, QuentityForSale = 2, TotalPriceSale = 20, IsAllCustomer = True, StartDate = 05/03/2025 21:07:49, EndDate = 20/05/2025 00:00:00 }
	05/03/2025 21:07:49	Dal.SaleImplementation.Create:	begin create Sale { SaleId = 0, ProdId = 3, QuentityForSale = 1, TotalPriceSale = 20, IsAllCustomer = True, StartDate = 05/03/2025 21:07:49, EndDate = 20/05/2025 00:00:00 }
	05/03/2025 21:07:49	Dal.SaleImplementation.Create:	end create Sale { SaleId = 1, ProdId = 3, QuentityForSale = 1, TotalPriceSale = 20, IsAllCustomer = True, StartDate = 05/03/2025 21:07:49, EndDate = 20/05/2025 00:00:00 }
	05/03/2025 21:07:49	Dal.SaleImplementation.Create:	begin create Sale { SaleId = 0, ProdId = 6, QuentityForSale = 3, TotalPriceSale = 40, IsAllCustomer = True, StartDate = 05/03/2025 21:07:49, EndDate = 20/05/2025 00:00:00 }
	05/03/2025 21:07:49	Dal.SaleImplementation.Create:	end create Sale { SaleId = 1, ProdId = 6, QuentityForSale = 3, TotalPriceSale = 40, IsAllCustomer = True, StartDate = 05/03/2025 21:07:49, EndDate = 20/05/2025 00:00:00 }
	05/03/2025 21:07:49	Dal.SaleImplementation.Create:	begin create Sale { SaleId = 0, ProdId = 1, QuentityForSale = 4, TotalPriceSale = 30, IsAllCustomer = True, StartDate = 05/03/2025 21:07:49, EndDate = 20/05/2025 00:00:00 }
	05/03/2025 21:07:49	Dal.SaleImplementation.Create:	end create Sale { SaleId = 1, ProdId = 1, QuentityForSale = 4, TotalPriceSale = 30, IsAllCustomer = True, StartDate = 05/03/2025 21:07:49, EndDate = 20/05/2025 00:00:00 }
	05/03/2025 21:07:49	Dal.SaleImplementation.Create:	begin create Sale { SaleId = 0, ProdId = 1, QuentityForSale = 2, TotalPriceSale = 20, IsAllCustomer = True, StartDate = 05/03/2025 21:07:49, EndDate = 20/05/2025 00:00:00 }
	05/03/2025 21:07:49	Dal.SaleImplementation.Create:	end create Sale { SaleId = 1, ProdId = 1, QuentityForSale = 2, TotalPriceSale = 20, IsAllCustomer = True, StartDate = 05/03/2025 21:07:49, EndDate = 20/05/2025 00:00:00 }
	05/03/2025 21:07:49	Dal.SaleImplementation.Create:	begin create Sale { SaleId = 0, ProdId = 1, QuentityForSale = 5, TotalPriceSale = 50, IsAllCustomer = True, StartDate = 05/03/2025 21:07:49, EndDate = 20/05/2025 00:00:00 }
	05/03/2025 21:07:49	Dal.SaleImplementation.Create:	end create Sale { SaleId = 1, ProdId = 1, QuentityForSale = 5, TotalPriceSale = 50, IsAllCustomer = True, StartDate = 05/03/2025 21:07:49, EndDate = 20/05/2025 00:00:00 }
	05/03/2025 21:07:49	Dal.SaleImplementation.Create:	begin create Sale { SaleId = 0, ProdId = 1, QuentityForSale = 8, TotalPriceSale = 40, IsAllCustomer = True, StartDate = 05/03/2025 21:07:49, EndDate = 20/05/2025 00:00:00 }
	05/03/2025 21:07:49	Dal.SaleImplementation.Create:	end create Sale { SaleId = 1, ProdId = 1, QuentityForSale = 8, TotalPriceSale = 40, IsAllCustomer = True, StartDate = 05/03/2025 21:07:49, EndDate = 20/05/2025 00:00:00 }
	05/03/2025 21:07:49	Dal.SaleImplementation.Create:	begin create Sale { SaleId = 0, ProdId = 1, QuentityForSale = 4, TotalPriceSale = 30, IsAllCustomer = True, StartDate = 05/03/2025 21:07:49, EndDate = 20/05/2025 00:00:00 }
	05/03/2025 21:07:49	Dal.SaleImplementation.Create:	end create Sale { SaleId = 1, ProdId = 1, QuentityForSale = 4, TotalPriceSale = 30, IsAllCustomer = True, StartDate = 05/03/2025 21:07:49, EndDate = 20/05/2025 00:00:00 }
	05/03/2025 21:07:49	Dal.SaleImplementation.Create:	begin create Sale { SaleId = 0, ProdId = 2, QuentityForSale = 1, TotalPriceSale = 30, IsAllCustomer = True, StartDate = 05/03/2025 21:07:49, EndDate = 05/03/2025 21:07:49 }
	05/03/2025 21:07:49	Dal.SaleImplementation.Create:	end create Sale { SaleId = 1, ProdId = 2, QuentityForSale = 1, TotalPriceSale = 30, IsAllCustomer = True, StartDate = 05/03/2025 21:07:49, EndDate = 05/03/2025 21:07:49 }
	05/03/2025 21:07:57	Dal.CustomerImplementation.Read:	begin Read customer1
	05/03/2025 21:07:57	Dal.CustomerImplementation.Read:	end Read customer 1
	05/03/2025 21:08:06	Dal.CustomerImplementation.Delete:	begin Delete customer 1
		05/03/2025 21:08:06	Dal.CustomerImplementation.Read:	begin Read customer1
		05/03/2025 21:08:06	Dal.CustomerImplementation.Read:	end Read customer 1
	05/03/2025 21:08:06	Dal.CustomerImplementation.Delete:	end Delete customer 1
	05/03/2025 21:08:11	Dal.CustomerImplementation.ReadAll:	begin ReadAll customer, filter: 
	05/03/2025 21:08:11	Dal.CustomerImplementation.ReadAll:	end ReadAll customer, found: 0
	05/03/2025 21:08:24	Dal.CustomerImplementation.ReadAll:	begin ReadAll customer, filter: 
	05/03/2025 21:08:24	Dal.CustomerImplementation.ReadAll:	end ReadAll customer, found: 0
