	26/02/2025 21:59:55	Dal.CustomerImplementation.Create:	begin Create Customer { CustomerId = 1, CustomerName = ציבי אינהורן, CustomerAddress = נתיבות המשפט 78 מודיעין עילית, CustomerPhone = 0533187618 }
	26/02/2025 21:59:55	Dal.CustomerImplementation.Create:	end Create Customer { CustomerId = 1, CustomerName = ציבי אינהורן, CustomerAddress = נתיבות המשפט 78 מודיעין עילית, CustomerPhone = 0533187618 }
	26/02/2025 21:59:55	Dal.CustomerImplementation.Create:	begin Create Customer { CustomerId = 3, CustomerName = תמי פל, CustomerAddress = נתיבות המשפט 70 מודיעין עילית, CustomerPhone = 0534193385 }
	26/02/2025 21:59:55	Dal.CustomerImplementation.Create:	end Create Customer { CustomerId = 3, CustomerName = תמי פל, CustomerAddress = נתיבות המשפט 70 מודיעין עילית, CustomerPhone = 0534193385 }
	26/02/2025 21:59:55	Dal.CustomerImplementation.Create:	begin Create Customer { CustomerId = 5, CustomerName = נחמי קרשינסקי, CustomerAddress = הריטבא 6 מודיעין עילית, CustomerPhone = 0556734722 }
	26/02/2025 21:59:55	Dal.CustomerImplementation.Create:	end Create Customer { CustomerId = 5, CustomerName = נחמי קרשינסקי, CustomerAddress = הריטבא 6 מודיעין עילית, CustomerPhone = 0556734722 }
	26/02/2025 21:59:55	Dal.CustomerImplementation.Create:	begin Create Customer { CustomerId = 7, CustomerName = נחמי שורץ, CustomerAddress = הרב מפונוביז 9 מודיעין עילית, CustomerPhone = 0583212449 }
	26/02/2025 21:59:55	Dal.CustomerImplementation.Create:	end Create Customer { CustomerId = 7, CustomerName = נחמי שורץ, CustomerAddress = הרב מפונוביז 9 מודיעין עילית, CustomerPhone = 0583212449 }
	26/02/2025 21:59:55	Dal.CustomerImplementation.Create:	begin Create Customer { CustomerId = 9, CustomerName = טובי קופרמן, CustomerAddress = שערי תשובה 12 מודיעין עילית, CustomerPhone = 0583230387 }
	26/02/2025 21:59:55	Dal.CustomerImplementation.Create:	end Create Customer { CustomerId = 9, CustomerName = טובי קופרמן, CustomerAddress = שערי תשובה 12 מודיעין עילית, CustomerPhone = 0583230387 }
	26/02/2025 21:59:55	Dal.CustomerImplementation.Create:	begin Create Customer { CustomerId = 11, CustomerName = רבקה גליס, CustomerAddress = מסילת יוסף 21 מודיעין עילית, CustomerPhone = 0527161532 }
	26/02/2025 21:59:55	Dal.CustomerImplementation.Create:	end Create Customer { CustomerId = 11, CustomerName = רבקה גליס, CustomerAddress = מסילת יוסף 21 מודיעין עילית, CustomerPhone = 0527161532 }
	26/02/2025 21:59:55	Dal.ProductImplementation.Create:	begin create Product { ProdId = 0, ProdName = תשע לפנות בוקר, ProdCategory = מבוגר, Price = 65, Quantity = 100 }
	26/02/2025 21:59:55	Dal.ProductImplementation.Create:	end create Product { ProdId = 0, ProdName = תשע לפנות בוקר, ProdCategory = מבוגר, Price = 65, Quantity = 100 }
	26/02/2025 21:59:55	Dal.ProductImplementation.Create:	begin create Product { ProdId = 0, ProdName = אנוכי מבקש, ProdCategory = מבוגר, Price = 50, Quantity = 10 }
	26/02/2025 21:59:55	Dal.ProductImplementation.Create:	end create Product { ProdId = 0, ProdName = אנוכי מבקש, ProdCategory = מבוגר, Price = 50, Quantity = 10 }
	26/02/2025 21:59:55	Dal.ProductImplementation.Create:	begin create Product { ProdId = 0, ProdName = המשגיח, ProdCategory = ביוגרפיה, Price = 80, Quantity = 15 }
	26/02/2025 21:59:55	Dal.ProductImplementation.Create:	end create Product { ProdId = 0, ProdName = המשגיח, ProdCategory = ביוגרפיה, Price = 80, Quantity = 15 }
	26/02/2025 21:59:55	Dal.ProductImplementation.Create:	begin create Product { ProdId = 0, ProdName = מסומן, ProdCategory = מבוגר, Price = 50, Quantity = 12 }
	26/02/2025 21:59:55	Dal.ProductImplementation.Create:	end create Product { ProdId = 0, ProdName = מסומן, ProdCategory = מבוגר, Price = 50, Quantity = 12 }
	26/02/2025 21:59:55	Dal.ProductImplementation.Create:	begin create Product { ProdId = 0, ProdName = נחוחות המאפה, ProdCategory = מתכונים, Price = 30, Quantity = 0 }
	26/02/2025 21:59:55	Dal.ProductImplementation.Create:	end create Product { ProdId = 0, ProdName = נחוחות המאפה, ProdCategory = מתכונים, Price = 30, Quantity = 0 }
	26/02/2025 21:59:55	Dal.ProductImplementation.Create:	begin create Product { ProdId = 0, ProdName = דודי ואודי, ProdCategory = קומיקס, Price = 40, Quantity = 30 }
	26/02/2025 21:59:55	Dal.ProductImplementation.Create:	end create Product { ProdId = 0, ProdName = דודי ואודי, ProdCategory = קומיקס, Price = 40, Quantity = 30 }
	26/02/2025 21:59:55	Dal.ProductImplementation.Create:	begin create Product { ProdId = 0, ProdName = חלונות אור, ProdCategory = נוער, Price = 40, Quantity = 35 }
	26/02/2025 21:59:55	Dal.ProductImplementation.Create:	end create Product { ProdId = 0, ProdName = חלונות אור, ProdCategory = נוער, Price = 40, Quantity = 35 }
	26/02/2025 21:59:55	Dal.SaleImplementation.Create:	begin create Sale { SaleId = 0, ProdId = 4, QuentityForSale = 1, TotalPriceSale = 20, IsAllCustomer = False, StartDate = 26/02/2025 21:59:55, EndDate = 20/05/2025 00:00:00 }
	26/02/2025 21:59:55	Dal.SaleImplementation.Create:	end create Sale { SaleId = 0, ProdId = 4, QuentityForSale = 1, TotalPriceSale = 20, IsAllCustomer = False, StartDate = 26/02/2025 21:59:55, EndDate = 20/05/2025 00:00:00 }
		26/02/2025 21:59:55	Dal.SaleImplementation.Create:	begin create Sale { SaleId = 0, ProdId = 5, QuentityForSale = 2, TotalPriceSale = 20, IsAllCustomer = True, StartDate = 26/02/2025 21:59:55, EndDate = 20/05/2025 00:00:00 }
		26/02/2025 21:59:55	Dal.SaleImplementation.Create:	end create Sale { SaleId = 0, ProdId = 5, QuentityForSale = 2, TotalPriceSale = 20, IsAllCustomer = True, StartDate = 26/02/2025 21:59:55, EndDate = 20/05/2025 00:00:00 }
		26/02/2025 21:59:55	Dal.SaleImplementation.Create:	begin create Sale { SaleId = 0, ProdId = 3, QuentityForSale = 1, TotalPriceSale = 20, IsAllCustomer = True, StartDate = 26/02/2025 21:59:55, EndDate = 20/05/2025 00:00:00 }
		26/02/2025 21:59:55	Dal.SaleImplementation.Create:	end create Sale { SaleId = 0, ProdId = 3, QuentityForSale = 1, TotalPriceSale = 20, IsAllCustomer = True, StartDate = 26/02/2025 21:59:55, EndDate = 20/05/2025 00:00:00 }
		26/02/2025 21:59:55	Dal.SaleImplementation.Create:	begin create Sale { SaleId = 0, ProdId = 6, QuentityForSale = 3, TotalPriceSale = 40, IsAllCustomer = True, StartDate = 26/02/2025 21:59:55, EndDate = 20/05/2025 00:00:00 }
		26/02/2025 21:59:55	Dal.SaleImplementation.Create:	end create Sale { SaleId = 0, ProdId = 6, QuentityForSale = 3, TotalPriceSale = 40, IsAllCustomer = True, StartDate = 26/02/2025 21:59:55, EndDate = 20/05/2025 00:00:00 }
		26/02/2025 21:59:55	Dal.SaleImplementation.Create:	begin create Sale { SaleId = 0, ProdId = 1, QuentityForSale = 4, TotalPriceSale = 30, IsAllCustomer = True, StartDate = 26/02/2025 21:59:55, EndDate = 20/05/2025 00:00:00 }
		26/02/2025 21:59:55	Dal.SaleImplementation.Create:	end create Sale { SaleId = 0, ProdId = 1, QuentityForSale = 4, TotalPriceSale = 30, IsAllCustomer = True, StartDate = 26/02/2025 21:59:55, EndDate = 20/05/2025 00:00:00 }
		26/02/2025 21:59:55	Dal.SaleImplementation.Create:	begin create Sale { SaleId = 0, ProdId = 1, QuentityForSale = 2, TotalPriceSale = 20, IsAllCustomer = True, StartDate = 26/02/2025 21:59:55, EndDate = 20/05/2025 00:00:00 }
		26/02/2025 21:59:55	Dal.SaleImplementation.Create:	end create Sale { SaleId = 0, ProdId = 1, QuentityForSale = 2, TotalPriceSale = 20, IsAllCustomer = True, StartDate = 26/02/2025 21:59:55, EndDate = 20/05/2025 00:00:00 }
		26/02/2025 21:59:55	Dal.SaleImplementation.Create:	begin create Sale { SaleId = 0, ProdId = 1, QuentityForSale = 5, TotalPriceSale = 50, IsAllCustomer = True, StartDate = 26/02/2025 21:59:55, EndDate = 20/05/2025 00:00:00 }
		26/02/2025 21:59:55	Dal.SaleImplementation.Create:	end create Sale { SaleId = 0, ProdId = 1, QuentityForSale = 5, TotalPriceSale = 50, IsAllCustomer = True, StartDate = 26/02/2025 21:59:55, EndDate = 20/05/2025 00:00:00 }
		26/02/2025 21:59:55	Dal.SaleImplementation.Create:	begin create Sale { SaleId = 0, ProdId = 1, QuentityForSale = 8, TotalPriceSale = 40, IsAllCustomer = True, StartDate = 26/02/2025 21:59:55, EndDate = 20/05/2025 00:00:00 }
		26/02/2025 21:59:55	Dal.SaleImplementation.Create:	end create Sale { SaleId = 0, ProdId = 1, QuentityForSale = 8, TotalPriceSale = 40, IsAllCustomer = True, StartDate = 26/02/2025 21:59:55, EndDate = 20/05/2025 00:00:00 }
		26/02/2025 21:59:55	Dal.SaleImplementation.Create:	begin create Sale { SaleId = 0, ProdId = 1, QuentityForSale = 4, TotalPriceSale = 30, IsAllCustomer = True, StartDate = 26/02/2025 21:59:55, EndDate = 20/05/2025 00:00:00 }
		26/02/2025 21:59:55	Dal.SaleImplementation.Create:	end create Sale { SaleId = 0, ProdId = 1, QuentityForSale = 4, TotalPriceSale = 30, IsAllCustomer = True, StartDate = 26/02/2025 21:59:55, EndDate = 20/05/2025 00:00:00 }
		26/02/2025 21:59:55	Dal.SaleImplementation.Create:	begin create Sale { SaleId = 0, ProdId = 2, QuentityForSale = 1, TotalPriceSale = 30, IsAllCustomer = True, StartDate = 26/02/2025 21:59:55, EndDate = 26/02/2025 21:59:55 }
		26/02/2025 21:59:55	Dal.SaleImplementation.Create:	end create Sale { SaleId = 0, ProdId = 2, QuentityForSale = 1, TotalPriceSale = 30, IsAllCustomer = True, StartDate = 26/02/2025 21:59:55, EndDate = 26/02/2025 21:59:55 }
